This is pdfTeX, Version 3.141592653-2.6-1.40.24 (MiKTeX 22.1) (preloaded format=pdflatex 2022.3.30)  6 APR 2022 02:26
entering extended mode
 restricted \write18 enabled.
 %&-line parsing enabled.
**./proposal.tex
(proposal.tex
LaTeX2e <2021-11-15> patch level 1
L3 programming layer <2022-02-24>
(/home/lordyhas7/.miktex/texmfs/install/tex/latex/base/article.cls
Document Class: article 2021/10/04 v1.4n Standard LaTeX document class
(/home/lordyhas7/.miktex/texmfs/install/tex/latex/base/size12.clo
File: size12.clo 2021/10/04 v1.4n Standard LaTeX file (size option)
)
\c@part=\count185
\c@section=\count186
\c@subsection=\count187
\c@subsubsection=\count188
\c@paragraph=\count189
\c@subparagraph=\count190
\c@figure=\count191
\c@table=\count192
\abovecaptionskip=\skip47
\belowcaptionskip=\skip48
\bibindent=\dimen138
)
(/home/lordyhas7/.miktex/texmfs/install/tex/latex/base/inputenc.sty
Package: inputenc 2021/02/14 v1.3d Input encoding file
\inpenc@prehook=\toks16
\inpenc@posthook=\toks17
)
(/home/lordyhas7/.miktex/texmfs/install/tex/generic/babel/babel.sty
Package: babel 2022/02/26 3.73 The Babel package
\babel@savecnt=\count193
\U@D=\dimen139
\l@unhyphenated=\language1

(/home/lordyhas7/.miktex/texmfs/install/tex/generic/babel/txtbabel.def)
\bbl@readstream=\read2
\bbl@dirlevel=\count194

*************************************
* Local config file bblopts.cfg used
*
(/home/lordyhas7/.miktex/texmfs/install/tex/latex/arabi/bblopts.cfg
File: bblopts.cfg 2005/09/08 v0.1 add Arabic and Farsi to "declared" options of
 babel
)
(/home/lordyhas7/.miktex/texmfs/install/tex/generic/babel-french/french.ldf
Language: french 2021/07/20 v3.5m French support from the babel system


Package babel Warning: No hyphenation patterns were preloaded for
(babel)                the language 'French' into the format.
(babel)                Please, configure your TeX system to add them and
(babel)                rebuild the format. Now I will use the patterns
(babel)                preloaded for \language=nohyphenation instead on input l
ine 87.

\FB@nonchar=\count195
Package babel Info: Making : an active character on input line 430.
Package babel Info: Making ; an active character on input line 431.
Package babel Info: Making ! an active character on input line 432.
Package babel Info: Making ? an active character on input line 433.
\FBguill@level=\count196
\FBold@everypar=\toks18
\FB@Mht=\dimen140
\mc@charclass=\count197
\mc@charfam=\count198
\mc@charslot=\count199
\std@mcc=\count266
\dec@mcc=\count267
\listindentFB=\dimen141
\descindentFB=\dimen142
\labelindentFB=\dimen143
\labelwidthFB=\dimen144
\leftmarginFB=\dimen145
\parindentFFN=\dimen146
\FBfnindent=\dimen147
)) (/home/lordyhas7/.miktex/texmfs/install/tex/latex/carlisle/scalefnt.sty)
(/home/lordyhas7/.miktex/texmfs/install/tex/latex/graphics/keyval.sty
Package: keyval 2014/10/28 v1.15 key=value parser (DPC)
\KV@toks@=\toks19
)
(/home/lordyhas7/.miktex/texmfs/install/tex/latex/base/fontenc.sty
Package: fontenc 2021/04/29 v2.0v Standard LaTeX package
)
(/home/lordyhas7/.miktex/texmfs/install/tex/latex/graphics/color.sty
Package: color 2021/12/07 v1.3c Standard LaTeX Color (DPC)

(/home/lordyhas7/.miktex/texmfs/install/tex/latex/graphics-cfg/color.cfg
File: color.cfg 2016/01/02 v1.6 sample color configuration
)
Package color Info: Driver file: pdftex.def on input line 149.

(/home/lordyhas7/.miktex/texmfs/install/tex/latex/graphics-def/pdftex.def
File: pdftex.def 2020/10/05 v1.2a Graphics/color driver for pdftex
))
(/home/lordyhas7/.miktex/texmfs/install/tex/latex/amsmath/amsmath.sty
Package: amsmath 2021/10/15 v2.17l AMS math features
\@mathmargin=\skip49

For additional information on amsmath, use the `?' option.
(/home/lordyhas7/.miktex/texmfs/install/tex/latex/amsmath/amstext.sty
Package: amstext 2021/08/26 v2.01 AMS text

(/home/lordyhas7/.miktex/texmfs/install/tex/latex/amsmath/amsgen.sty
File: amsgen.sty 1999/11/30 v2.0 generic functions
\@emptytoks=\toks20
\ex@=\dimen148
))
(/home/lordyhas7/.miktex/texmfs/install/tex/latex/amsmath/amsbsy.sty
Package: amsbsy 1999/11/29 v1.2d Bold Symbols
\pmbraise@=\dimen149
)
(/home/lordyhas7/.miktex/texmfs/install/tex/latex/amsmath/amsopn.sty
Package: amsopn 2021/08/26 v2.02 operator names
)
\inf@bad=\count268
LaTeX Info: Redefining \frac on input line 234.
\uproot@=\count269
\leftroot@=\count270
LaTeX Info: Redefining \overline on input line 399.
\classnum@=\count271
\DOTSCASE@=\count272
LaTeX Info: Redefining \ldots on input line 496.
LaTeX Info: Redefining \dots on input line 499.
LaTeX Info: Redefining \cdots on input line 620.
\Mathstrutbox@=\box50
\strutbox@=\box51
\big@size=\dimen150
LaTeX Font Info:    Redeclaring font encoding OML on input line 743.
LaTeX Font Info:    Redeclaring font encoding OMS on input line 744.
\macc@depth=\count273
\c@MaxMatrixCols=\count274
\dotsspace@=\muskip16
\c@parentequation=\count275
\dspbrk@lvl=\count276
\tag@help=\toks21
\row@=\count277
\column@=\count278
\maxfields@=\count279
\andhelp@=\toks22
\eqnshift@=\dimen151
\alignsep@=\dimen152
\tagshift@=\dimen153
\tagwidth@=\dimen154
\totwidth@=\dimen155
\lineht@=\dimen156
\@envbody=\toks23
\multlinegap=\skip50
\multlinetaggap=\skip51
\mathdisplay@stack=\toks24
LaTeX Info: Redefining \[ on input line 2938.
LaTeX Info: Redefining \] on input line 2939.
)
(/home/lordyhas7/.miktex/texmfs/install/tex/latex/amsfonts/amsfonts.sty
Package: amsfonts 2013/01/14 v3.01 Basic AMSFonts support
\symAMSa=\mathgroup4
\symAMSb=\mathgroup5
LaTeX Font Info:    Redeclaring math symbol \hbar on input line 98.
LaTeX Font Info:    Overwriting math alphabet `\mathfrak' in version `bold'
(Font)                  U/euf/m/n --> U/euf/b/n on input line 106.
)
(/home/lordyhas7/.miktex/texmfs/install/tex/latex/amsfonts/amssymb.sty
Package: amssymb 2013/01/14 v3.01 AMS font symbols
)
(/home/lordyhas7/.miktex/texmfs/install/tex/latex/graphics/graphicx.sty
Package: graphicx 2021/09/16 v1.2d Enhanced LaTeX Graphics (DPC,SPQR)

(/home/lordyhas7/.miktex/texmfs/install/tex/latex/graphics/graphics.sty
Package: graphics 2021/03/04 v1.4d Standard LaTeX Graphics (DPC,SPQR)

(/home/lordyhas7/.miktex/texmfs/install/tex/latex/graphics/trig.sty
Package: trig 2021/08/11 v1.11 sin cos tan (DPC)
)
(/home/lordyhas7/.miktex/texmfs/install/tex/latex/graphics-cfg/graphics.cfg
File: graphics.cfg 2016/06/04 v1.11 sample graphics configuration
)
Package graphics Info: Driver file: pdftex.def on input line 107.
)
\Gin@req@height=\dimen157
\Gin@req@width=\dimen158
)
(/home/lordyhas7/.miktex/texmfs/install/tex/latex/amscls/amsthm.sty
Package: amsthm 2020/05/29 v2.20.6
\thm@style=\toks25
\thm@bodyfont=\toks26
\thm@headfont=\toks27
\thm@notefont=\toks28
\thm@headpunct=\toks29
\thm@preskip=\skip52
\thm@postskip=\skip53
\thm@headsep=\skip54
\dth@everypar=\toks30
)
(/home/lordyhas7/.miktex/texmfs/install/tex/latex/graphics/epsfig.sty
Package: epsfig 2017/06/25 v1.7b (e)psfig emulation (SPQR)
\epsfxsize=\dimen159
\epsfysize=\dimen160
)
\c@thm=\count280

(/home/lordyhas7/.miktex/texmfs/install/tex/latex/l3backend/l3backend-pdftex.de
f
File: l3backend-pdftex.def 2022-02-07 L3 backend support: PDF output (pdfTeX)
\l__color_backend_stack_int=\count281
\l__pdf_internal_box=\box52
) (proposal.aux)
\openout1 = `proposal.aux'.

LaTeX Font Info:    Checking defaults for OML/cmm/m/it on input line 42.
LaTeX Font Info:    ... okay on input line 42.
LaTeX Font Info:    Checking defaults for OMS/cmsy/m/n on input line 42.
LaTeX Font Info:    ... okay on input line 42.
LaTeX Font Info:    Checking defaults for OT1/cmr/m/n on input line 42.
LaTeX Font Info:    ... okay on input line 42.
LaTeX Font Info:    Checking defaults for T1/cmr/m/n on input line 42.
LaTeX Font Info:    ... okay on input line 42.
LaTeX Font Info:    Checking defaults for TS1/cmr/m/n on input line 42.
LaTeX Font Info:    ... okay on input line 42.
LaTeX Font Info:    Checking defaults for OMX/cmex/m/n on input line 42.
LaTeX Font Info:    ... okay on input line 42.
LaTeX Font Info:    Checking defaults for U/cmr/m/n on input line 42.
LaTeX Font Info:    ... okay on input line 42.
LaTeX Info: Redefining \degres on input line 42.
LaTeX Info: Redefining \up on input line 42.

(/home/lordyhas7/.miktex/texmfs/install/tex/context/base/mkii/supp-pdf.mkii
[Loading MPS to PDF converter (version 2006.09.02).]
\scratchcounter=\count282
\scratchdimen=\dimen161
\scratchbox=\box53
\nofMPsegments=\count283
\nofMParguments=\count284
\everyMPshowfont=\toks31
\MPscratchCnt=\count285
\MPscratchDim=\dimen162
\MPnumerator=\count286
\makeMPintoPDFobject=\count287
\everyMPtoPDFconversion=\toks32
)
(/home/lordyhas7/.miktex/texmfs/install/tex/latex/epstopdf-pkg/epstopdf-base.st
y
Package: epstopdf-base 2020-01-24 v2.11 Base part for package epstopdf
Package epstopdf-base Info: Redefining graphics rule for `.eps' on input line 4
85.
 (/home/lordyhas7/.miktex/texmfs/install/tex/latex/00miktex/epstopdf-sys.cfg
File: epstopdf-sys.cfg 2021/03/18 v2.0 Configuration of epstopdf for MiKTeX
))
LaTeX Font Info:    Trying to load font information for U+msa on input line 44.

(/home/lordyhas7/.miktex/texmfs/install/tex/latex/amsfonts/umsa.fd
File: umsa.fd 2013/01/14 v3.01 AMS symbols A
)
LaTeX Font Info:    Trying to load font information for U+msb on input line 44.


(/home/lordyhas7/.miktex/texmfs/install/tex/latex/amsfonts/umsb.fd
File: umsb.fd 2013/01/14 v3.01 AMS symbols B
)
Overfull \hbox (7.09276pt too wide) in paragraph at lines 48--49
\T1/cmr/m/n/12 rapidement que la vitesse des processeurs. Dans ce contexte, fai
re un traitement
 []


Overfull \hbox (28.00226pt too wide) in paragraph at lines 48--49
\T1/cmr/m/n/12 donn^^e9es d'entra^^eenement pour les probl^^e8mes de d^^e9tecti
on d'objets sont g^^e9n^^e9ralement
 []


Overfull \hbox (11.19923pt too wide) in paragraph at lines 50--52
[]\T1/cmr/m/n/12 Le cas des probl^^e8mes d'apprentissage ^^e0 grande ^^e9chelle
 implique la complexit^^e9
 []


Overfull \hbox (5.11864pt too wide) in paragraph at lines 50--52
\T1/cmr/m/n/12 Des algorithmes d'optimisation improbables tels que la \T1/cmr/b
x/n/12 descente de gradient
 []

[1

{/home/lordyhas7/.miktex/texmfs/data/fonts/map/pdftex/pdftex.map}]
(proposal.bbl
Underfull \hbox (badness 7256) in paragraph at lines 33--38
[]\T1/cmr/m/n/12 Natarajan Deepa, B Prabadevi, Praveen Kumar Maddikunta,
 []

) [2] (proposal.aux) ) 
Here is how much of TeX's memory you used:
 4699 strings out of 480517
 72131 string characters out of 2895774
 370766 words of memory out of 3000000
 22598 multiletter control sequences out of 15000+600000
 483270 words of font info for 66 fonts, out of 8000000 for 9000
 0 hyphenation exceptions out of 8191
 55i,6n,62p,880b,426s stack positions out of 10000i,1000n,20000p,200000b,80000s
 </home/lordyhas7/.miktex/texmfs/data/fonts/pk/ljfour/jkn
appen/ec/dpi600/ecti1200.pk> </home/lordyhas7/.miktex/texmfs/data/fonts/pk/ljfo
ur/jknappen/ec/dpi600/ecbx1200.pk> </home/lordyhas7/.miktex/texmfs/data/fonts/p
k/ljfour/jknappen/ec/dpi600/ecrm1200.pk> </home/lordyhas7/.miktex/texmfs/data/f
onts/pk/ljfour/jknappen/ec/dpi600/ecrm1440.pk> </home/lordyhas7/.miktex/texmfs/
data/fonts/pk/ljfour/jknappen/ec/dpi600/ecti1095.pk> </home/lordyhas7/.miktex/t
exmfs/data/fonts/pk/ljfour/jknappen/ec/dpi600/ecbx1728.pk></home/lordyhas7/.mik
tex/texmfs/install/fonts/type1/public/amsfonts/cm/cmmi12.pfb></home/lordyhas7/.
miktex/texmfs/install/fonts/type1/public/amsfonts/cm/cmmi8.pfb>
Output written on proposal.pdf (2 pages, 107172 bytes).
PDF statistics:
 273 PDF objects out of 1000 (max. 8388607)
 0 named destinations out of 1000 (max. 500000)
 1 words of extra memory for PDF output out of 10000 (max. 10000000)

