This is pdfTeX, Version 3.141592653-2.6-1.40.22 (MiKTeX 21.2) (preloaded format=pdflatex 2021.11.21)  1 MAR 2022 09:43
entering extended mode
**./main.tex
(main.tex
LaTeX2e <2020-10-01> patch level 4
L3 programming layer <2021-02-18> xparse <2020-03-03>
(C:\Users\lordyhas\AppData\Roaming\MiKTeX\tex/latex/koma-script\scrreprt.cls
Document Class: scrreprt 2021/06/25 v3.34 KOMA-Script document class (report)
(C:\Users\lordyhas\AppData\Roaming\MiKTeX\tex/latex/koma-script\scrkbase.sty
Package: scrkbase 2021/06/25 v3.34 KOMA-Script package (KOMA-Script-dependent b
asics and keyval usage)

(C:\Users\lordyhas\AppData\Roaming\MiKTeX\tex/latex/koma-script\scrbase.sty
Package: scrbase 2021/06/25 v3.34 KOMA-Script package (KOMA-Script-independent 
basics and keyval usage)

(C:\Users\lordyhas\AppData\Roaming\MiKTeX\tex/latex/koma-script\scrlfile.sty
Package: scrlfile 2021/06/25 v3.34 KOMA-Script package (file load hooks)

(C:\Users\lordyhas\AppData\Roaming\MiKTeX\tex/latex/koma-script\scrlfile-hook.s
ty
Package: scrlfile-hook 2021/06/25 v3.34 KOMA-Script package (using LaTeX hooks)


LaTeX3 Info: Defining command \BeforeFile with sig. 'm' on line 75.


LaTeX3 Info: Defining command \AfterFile with sig. 'm' on line 79.


LaTeX3 Info: Defining command \BeforeClass with sig. 'm' on line 83.


LaTeX3 Info: Defining command \BeforePackage with sig. 'm' on line 87.


LaTeX3 Info: Defining command \AfterAtEndOfClass with sig. 'smo+m' on line 97.


LaTeX3 Info: Defining command \AfterAtEndOfPackage with sig. 'smo+m' on line
(LaTeX3)     107.


LaTeX3 Info: Defining command \scrlfile@AfterClass with sig. 'smo+m' on line
(LaTeX3)     187.


LaTeX3 Info: Defining command \AfterClass with sig. '' on line 188.


LaTeX3 Info: Defining command \scrlfile@AfterPackage with sig. 'smo+m' on line
(LaTeX3)     205.


LaTeX3 Info: Defining command \AfterPackage with sig. '' on line 206.


LaTeX3 Info: Defining command \ReplaceInput with sig. '' on line 207.


LaTeX3 Info: Defining command \ReplaceClass with sig. 'mm' on line 210.


LaTeX3 Info: Defining command \ReplacePackage with sig. 'mm' on line 213.


LaTeX3 Info: Defining command \UnReplaceInput with sig. '' on line 214.


LaTeX3 Info: Defining command \UnReplaceClass with sig. 'm' on line 217.


LaTeX3 Info: Defining command \UnReplacePackage with sig. 'mm' on line 220.


LaTeX3 Info: Defining command \PreventPackageFromLoading with sig. 's+om' on
(LaTeX3)     line 248.


LaTeX3 Info: Defining command \StorePreventPackageFromLoading with sig. 'm' on
(LaTeX3)     line 256.


LaTeX3 Info: Defining command \ResetPreventPackageFromLoading with sig. '' on
(LaTeX3)     line 261.


LaTeX3 Info: Defining command \UnPreventPackageFromLoading with sig. 'sm' on
(LaTeX3)     line 275.


LaTeX3 Info: Defining command \BeforeClosingMainAux with sig. 'om' on line
(LaTeX3)     288.


LaTeX3 Info: Defining command \AfterReadingMainAux with sig. 'om' on line 301.


LaTeX3 Info: Defining command \protected@immediate@write with sig. 'm+m+m' on
(LaTeX3)     line 312.

 (C:\Users\lordyhas\AppData\Roaming\MiKTeX\tex/latex/koma-script\scrlogo.sty
Package: scrlogo 2021/06/25 v3.34 KOMA-Script package (logo)
))) (C:\Program Files\MiKTeX\tex/latex/graphics\keyval.sty
Package: keyval 2014/10/28 v1.15 key=value parser (DPC)
\KV@toks@=\toks15
)
Skipping: [2021/05/01] Usage of raw or classic option list on input line 252.
Applying: [0000/00/00] Usage of raw or classic option list on input line 368.
))
(C:\Users\lordyhas\AppData\Roaming\MiKTeX\tex/latex/koma-script\tocbasic.sty
Package: tocbasic 2021/06/25 v3.34 KOMA-Script package (handling toc-files)
\scr@dte@tocline@numberwidth=\skip47
\scr@dte@tocline@numbox=\box47
)
Package tocbasic Info: babel extension for `toc' omitted
(tocbasic)             because of missing \bbl@set@language on input line 137.
Class scrreprt Info: You've used standard option `openright'.
(scrreprt)           This is correct!
(scrreprt)           Internally I'm using `open=right'.
(scrreprt)           If you'd like to set the option with \KOMAoptions,
(scrreprt)           you'd have to use `open=right' there
(scrreprt)           instead of `openright', too.
Class scrreprt Info: File `scrsize11pt.clo' used to setup font sizes on input l
ine 2486.

(C:\Users\lordyhas\AppData\Roaming\MiKTeX\tex/latex/koma-script\scrsize11pt.clo
File: scrsize11pt.clo 2021/06/25 v3.34 KOMA-Script font size class option (11pt
)
) (C:\Users\lordyhas\AppData\Roaming\MiKTeX\tex/latex/koma-script\typearea.sty
Package: typearea 2021/06/25 v3.34 KOMA-Script package (type area)
\ta@bcor=\skip48
\ta@div=\count179
\ta@hblk=\skip49
\ta@vblk=\skip50
\ta@temp=\skip51
\footheight=\skip52
Package typearea Info: These are the values describing the layout:
(typearea)             DIV  = 10
(typearea)             BCOR = 0.0pt
(typearea)             \paperwidth      = 597.50793pt
(typearea)              \textwidth      = 418.25555pt
(typearea)              DIV departure   = -6%
(typearea)              \evensidemargin = 17.3562pt
(typearea)              \oddsidemargin  = 17.3562pt
(typearea)             \paperheight     = 845.04694pt
(typearea)              \textheight     = 555.00024pt
(typearea)              \topmargin      = 12.2347pt
(typearea)              \headheight     = 17.0pt
(typearea)              \headsep        = 20.40001pt
(typearea)              \topskip        = 11.0pt
(typearea)              \footskip       = 47.6pt
(typearea)              \baselineskip   = 13.6pt
(typearea)              on input line 1742.
)
\c@part=\count180
\c@chapter=\count181
\c@section=\count182
\c@subsection=\count183
\c@subsubsection=\count184
\c@paragraph=\count185
\c@subparagraph=\count186
\scr@dte@chapter@maxnumwidth=\skip53
Class scrreprt Info: using compatibility default `afterindent=bysign'
(scrreprt)           for `\chapter on input line 5716.
\scr@dte@section@maxnumwidth=\skip54
Class scrreprt Info: using compatibility default `runin=bysign'
(scrreprt)           for `\section on input line 5727.
Class scrreprt Info: using compatibility default `afterindent=bysign'
(scrreprt)           for `\section on input line 5727.
\scr@dte@part@maxnumwidth=\skip55
Class scrreprt Info: using compatibility default `afterindent=true'
(scrreprt)           for `\part on input line 5736.
\scr@dte@subsection@maxnumwidth=\skip56
Class scrreprt Info: using compatibility default `runin=bysign'
(scrreprt)           for `\subsection on input line 5746.
Class scrreprt Info: using compatibility default `afterindent=bysign'
(scrreprt)           for `\subsection on input line 5746.
\scr@dte@subsubsection@maxnumwidth=\skip57
Class scrreprt Info: using compatibility default `runin=bysign'
(scrreprt)           for `\subsubsection on input line 5756.
Class scrreprt Info: using compatibility default `afterindent=bysign'
(scrreprt)           for `\subsubsection on input line 5756.
\scr@dte@paragraph@maxnumwidth=\skip58
Class scrreprt Info: using compatibility default `runin=bysign'
(scrreprt)           for `\paragraph on input line 5767.
Class scrreprt Info: using compatibility default `afterindent=bysign'
(scrreprt)           for `\paragraph on input line 5767.
\scr@dte@subparagraph@maxnumwidth=\skip59
Class scrreprt Info: using compatibility default `runin=bysign'
(scrreprt)           for `\subparagraph on input line 5777.
Class scrreprt Info: using compatibility default `afterindent=bysign'
(scrreprt)           for `\subparagraph on input line 5777.
\abovecaptionskip=\skip60
\belowcaptionskip=\skip61
\c@pti@nb@sid@b@x=\box48
Package tocbasic Info: babel extension for `lof' omitted
(tocbasic)             because of missing \bbl@set@language on input line 6957.

\scr@dte@figure@maxnumwidth=\skip62
\c@figure=\count187
Package tocbasic Info: babel extension for `lot' omitted
(tocbasic)             because of missing \bbl@set@language on input line 6974.

\scr@dte@table@maxnumwidth=\skip63
\c@table=\count188
Class scrreprt Info: Redefining `\numberline' on input line 7143.
\bibindent=\dimen138
) (classicthesis-config.tex
(C:\Program Files\MiKTeX\tex/latex/base\inputenc.sty
Package: inputenc 2020/08/01 v1.3d Input encoding file
\inpenc@prehook=\toks16
\inpenc@posthook=\toks17
)
\c@dummy=\count189
\abcd=\skip64

(C:\Users\lordyhas\AppData\Roaming\MiKTeX\tex/latex/lipsum\lipsum.sty
(C:\Program Files\MiKTeX\tex/latex/l3packages/l3keys2e\l3keys2e.sty
(C:\Program Files\MiKTeX\tex/latex/l3kernel\expl3.sty
Package: expl3 2021-02-18 L3 programming layer (loader) 

(C:\Program Files\MiKTeX\tex/latex/l3backend\l3backend-pdftex.def
File: l3backend-pdftex.def 2021-02-18 L3 backend support: PDF output (pdfTeX)
\l__color_backend_stack_int=\count190
\l__pdf_internal_box=\box49
))
Package: l3keys2e 2020-10-27 LaTeX2e option processing using LaTeX3 keys
)
Package: lipsum 2021-09-20 v2.7 150 paragraphs of Lorem Ipsum dummy text
\g__lipsum_par_int=\count191
\l__lipsum_a_int=\count192
\l__lipsum_b_int=\count193

LaTeX3 Info: Defining command \LipsumPar with sig. 'm' on line 175.


LaTeX3 Info: Defining command \SetLipsumParListItemStart with sig. 's+m' on
(LaTeX3)     line 208.


LaTeX3 Info: Defining command \SetLipsumParListStart with sig. 's+m' on line
(LaTeX3)     208.


LaTeX3 Info: Defining command \SetLipsumParListItemEnd with sig. 's+m' on line
(LaTeX3)     208.


LaTeX3 Info: Defining command \SetLipsumParListEnd with sig. 's+m' on line
(LaTeX3)     208.


LaTeX3 Info: Defining command \SetLipsumParListItemSurrounders with sig.
(LaTeX3)     's+m+m' on line 208.


LaTeX3 Info: Defining command \SetLipsumParListSurrounders with sig. 's+m+m'
(LaTeX3)     on line 208.


LaTeX3 Info: Defining command \SetLipsumParListItemSeparator with sig. 's+m'
(LaTeX3)     on line 208.


LaTeX3 Info: Defining command \SetLipsumSentenceListItemStart with sig. 's+m'
(LaTeX3)     on line 208.


LaTeX3 Info: Defining command \SetLipsumSentenceListStart with sig. 's+m' on
(LaTeX3)     line 208.


LaTeX3 Info: Defining command \SetLipsumSentenceListItemEnd with sig. 's+m' on
(LaTeX3)     line 208.


LaTeX3 Info: Defining command \SetLipsumSentenceListEnd with sig. 's+m' on
(LaTeX3)     line 208.


LaTeX3 Info: Defining command \SetLipsumSentenceListItemSurrounders with sig.
(LaTeX3)     's+m+m' on line 208.


LaTeX3 Info: Defining command \SetLipsumSentenceListSurrounders with sig.
(LaTeX3)     's+m+m' on line 208.


LaTeX3 Info: Defining command \SetLipsumSentenceListItemSeparator with sig.
(LaTeX3)     's+m' on line 208.


LaTeX3 Info: Defining command \SetLipsumDefault with sig. 'm' on line 214.


LaTeX3 Info: Defining command \lipsum with sig. 'sO{\g_lipsum_default_range_tl
(LaTeX3)     }o' on line 223.


LaTeX3 Info: Defining command \unpacklipsum with sig.
(LaTeX3)     'sO{\g_lipsum_default_range_tl }o' on line 225.


LaTeX3 Info: Defining command \SetLipsumText with sig. 'm' on line 326.


LaTeX3 Info: Defining command \SetLipsumLanguage with sig. 'm' on line 328.


LaTeX3 Info: Defining command \setlipsum with sig. '+m' on line 357.


(C:\Users\lordyhas\AppData\Roaming\MiKTeX\tex/latex/lipsum\lipsum.ltd.tex))
(C:\Program Files\MiKTeX\tex/generic/babel\babel.sty
Package: babel 2021/01/26 3.53 The Babel package

(C:\Program Files\MiKTeX\tex/generic/babel\babel.def
File: babel.def 2021/01/26 3.53 Babel common definitions
\babel@savecnt=\count194
\U@D=\dimen139
\l@babelnohyphens=\language79

(C:\Program Files\MiKTeX\tex/generic/babel\txtbabel.def)
\bbl@readstream=\read2
)
\bbl@dirlevel=\count195

*************************************
* Local config file bblopts.cfg used
*
(C:\Program Files\MiKTeX\tex/latex/arabi\bblopts.cfg
File: bblopts.cfg 2005/09/08 v0.1 add Arabic and Farsi to "declared" options of
 babel
)
(C:\Users\lordyhas\AppData\Roaming\MiKTeX\tex/generic/babel-french\french.ldf
Language: french 2021/07/20 v3.5m French support from the babel system
Package babel Info: \l@acadian = using hyphenrules for french
(babel)             (\language22) on input line 91.
Package babel Info: \l@canadien = using hyphenrules for french
(babel)             (\language22) on input line 92.
\FB@nonchar=\count196
Package babel Info: Making : an active character on input line 430.
Package babel Info: Making ; an active character on input line 431.
Package babel Info: Making ! an active character on input line 432.
Package babel Info: Making ? an active character on input line 433.
\FBguill@level=\count197
\FBold@everypar=\toks18
\FB@Mht=\dimen140
\mc@charclass=\count198
\mc@charfam=\count199
\mc@charslot=\count266
\std@mcc=\count267
\dec@mcc=\count268
\listindentFB=\dimen141
\descindentFB=\dimen142
\labelindentFB=\dimen143
\labelwidthFB=\dimen144
\leftmarginFB=\dimen145
\parindentFFN=\dimen146
\FBfnindent=\dimen147
)
(C:\Program Files\MiKTeX\tex/latex/babel-english\american.ldf
Language: american 2017/06/06 v3.3r English support from the babel system

(C:\Program Files\MiKTeX\tex/latex/babel-english\english.ldf
Language: english 2017/06/06 v3.3r English support from the babel system
Package babel Info: \l@canadian = using hyphenrules for english
(babel)             (\language0) on input line 102.
Package babel Info: \l@australian = using hyphenrules for ukenglish
(babel)             (\language73) on input line 105.
Package babel Info: \l@newzealand = using hyphenrules for ukenglish
(babel)             (\language73) on input line 108.
)))
(C:\Users\lordyhas\AppData\Roaming\MiKTeX\tex/latex/carlisle\scalefnt.sty)
(C:\Users\lordyhas\AppData\Roaming\MiKTeX\tex/latex/csquotes\csquotes.sty
Package: csquotes 2021-02-22 v5.2l context-sensitive quotations (JAW)

(C:\Program Files\MiKTeX\tex/latex/etoolbox\etoolbox.sty
Package: etoolbox 2020/10/05 v2.5k e-TeX tools for LaTeX (JAW)
\etb@tempcnta=\count269
)
\csq@reset=\count270
\csq@gtype=\count271
\csq@glevel=\count272
\csq@qlevel=\count273
\csq@maxlvl=\count274
\csq@tshold=\count275
\csq@ltx@everypar=\toks19

(C:\Users\lordyhas\AppData\Roaming\MiKTeX\tex/latex/csquotes\csquotes.def
File: csquotes.def 2021-02-22 v5.2l csquotes generic definitions (JAW)
)
Package csquotes Info: Trying to load configuration file 'csquotes.cfg'...
Package csquotes Info: ... configuration file loaded successfully.

(C:\Users\lordyhas\AppData\Roaming\MiKTeX\tex/latex/csquotes\csquotes.cfg
File: csquotes.cfg 
))
(C:\Program Files\MiKTeX\tex/latex/biblatex\biblatex.sty
Package: biblatex 2020/12/31 v3.16 programmable bibliographies (PK/MW)

(C:\Program Files\MiKTeX\tex/generic/pdftexcmds\pdftexcmds.sty
Package: pdftexcmds 2020-06-27 v0.33 Utility functions of pdfTeX for LuaTeX (HO
)

(C:\Users\lordyhas\AppData\Roaming\MiKTeX\tex/generic/infwarerr\infwarerr.sty
Package: infwarerr 2019/12/03 v1.5 Providing info/warning/error messages (HO)
)
(C:\Program Files\MiKTeX\tex/generic/iftex\iftex.sty
Package: iftex 2020/03/06 v1.0d TeX engine tests
)
(C:\Users\lordyhas\AppData\Roaming\MiKTeX\tex/generic/ltxcmds\ltxcmds.sty
Package: ltxcmds 2020-05-10 v1.25 LaTeX kernel commands for general use (HO)
)
Package pdftexcmds Info: \pdf@primitive is available.
Package pdftexcmds Info: \pdf@ifprimitive is available.
Package pdftexcmds Info: \pdfdraftmode found.
)
(C:\Users\lordyhas\AppData\Roaming\MiKTeX\tex/latex/kvoptions\kvoptions.sty
Package: kvoptions 2020-10-07 v3.14 Key value format for package options (HO)

(C:\Users\lordyhas\AppData\Roaming\MiKTeX\tex/generic/kvsetkeys\kvsetkeys.sty
Package: kvsetkeys 2019/12/15 v1.18 Key value parser (HO)
)) (C:\Users\lordyhas\AppData\Roaming\MiKTeX\tex/latex/logreq\logreq.sty
Package: logreq 2010/08/04 v1.0 xml request logger
\lrq@indent=\count276

(C:\Users\lordyhas\AppData\Roaming\MiKTeX\tex/latex/logreq\logreq.def
File: logreq.def 2010/08/04 v1.0 logreq spec v1.0
))
(C:\Program Files\MiKTeX\tex/latex/base\ifthen.sty
Package: ifthen 2014/09/29 v1.1c Standard LaTeX ifthen package (DPC)
)
(C:\Program Files\MiKTeX\tex/latex/url\url.sty
\Urlmuskip=\muskip16
Package: url 2013/09/16  ver 3.4  Verb mode for urls, etc.
)
\c@tabx@nest=\count277
\c@listtotal=\count278
\c@listcount=\count279
\c@liststart=\count280
\c@liststop=\count281
\c@citecount=\count282
\c@citetotal=\count283
\c@multicitecount=\count284
\c@multicitetotal=\count285
\c@instcount=\count286
\c@maxnames=\count287
\c@minnames=\count288
\c@maxitems=\count289
\c@minitems=\count290
\c@citecounter=\count291
\c@maxcitecounter=\count292
\c@savedcitecounter=\count293
\c@uniquelist=\count294
\c@uniquename=\count295
\c@refsection=\count296
\c@refsegment=\count297
\c@maxextratitle=\count298
\c@maxextratitleyear=\count299
\c@maxextraname=\count300
\c@maxextradate=\count301
\c@maxextraalpha=\count302
\c@abbrvpenalty=\count303
\c@highnamepenalty=\count304
\c@lownamepenalty=\count305
\c@maxparens=\count306
\c@parenlevel=\count307
\blx@tempcnta=\count308
\blx@tempcntb=\count309
\blx@tempcntc=\count310
\blx@maxsection=\count311
\blx@maxsegment@0=\count312
\blx@notetype=\count313
\blx@parenlevel@text=\count314
\blx@parenlevel@foot=\count315
\blx@sectionciteorder@0=\count316
\blx@entrysetcounter=\count317
\blx@biblioinstance=\count318
\labelnumberwidth=\skip65
\labelalphawidth=\skip66
\biblabelsep=\skip67
\bibitemsep=\skip68
\bibnamesep=\skip69
\bibinitsep=\skip70
\bibparsep=\skip71
\bibhang=\skip72
\blx@bcfin=\read3
\blx@bcfout=\write3
\blx@langwohyphens=\language80
\c@mincomprange=\count319
\c@maxcomprange=\count320
\c@mincompwidth=\count321
Package biblatex Info: Trying to load biblatex default data model...
Package biblatex Info: ... file 'blx-dm.def' found.

(C:\Program Files\MiKTeX\tex/latex/biblatex\blx-dm.def
File: blx-dm.def 2020/12/31 v3.16 biblatex localization (PK/MW)
)
Package biblatex Info: Trying to load biblatex style data model...
Package biblatex Info: ... file 'numeric-comp.dbx' not found.
Package biblatex Info: Trying to load biblatex custom data model...
Package biblatex Info: ... file 'biblatex-dm.cfg' not found.
\c@afterword=\count322
\c@savedafterword=\count323
\c@annotator=\count324
\c@savedannotator=\count325
\c@author=\count326
\c@savedauthor=\count327
\c@bookauthor=\count328
\c@savedbookauthor=\count329
\c@commentator=\count330
\c@savedcommentator=\count331
\c@editor=\count332
\c@savededitor=\count333
\c@editora=\count334
\c@savededitora=\count335
\c@editorb=\count336
\c@savededitorb=\count337
\c@editorc=\count338
\c@savededitorc=\count339
\c@foreword=\count340
\c@savedforeword=\count341
\c@holder=\count342
\c@savedholder=\count343
\c@introduction=\count344
\c@savedintroduction=\count345
\c@namea=\count346
\c@savednamea=\count347
\c@nameb=\count348
\c@savednameb=\count349
\c@namec=\count350
\c@savednamec=\count351
\c@translator=\count352
\c@savedtranslator=\count353
\c@shortauthor=\count354
\c@savedshortauthor=\count355
\c@shorteditor=\count356
\c@savedshorteditor=\count357
\c@labelname=\count358
\c@savedlabelname=\count359
\c@institution=\count360
\c@savedinstitution=\count361
\c@lista=\count362
\c@savedlista=\count363
\c@listb=\count364
\c@savedlistb=\count365
\c@listc=\count366
\c@savedlistc=\count367
\c@listd=\count368
\c@savedlistd=\count369
\c@liste=\count370
\c@savedliste=\count371
\c@listf=\count372
\c@savedlistf=\count373
\c@location=\count374
\c@savedlocation=\count375
\c@organization=\count376
\c@savedorganization=\count377
\c@origlocation=\count378
\c@savedoriglocation=\count379
\c@origpublisher=\count380
\c@savedorigpublisher=\count381
\c@publisher=\count382
\c@savedpublisher=\count383
\c@language=\count384
\c@savedlanguage=\count385
\c@origlanguage=\count386
\c@savedoriglanguage=\count387
\c@pageref=\count388
\c@savedpageref=\count389
\shorthandwidth=\skip73
\shortjournalwidth=\skip74
\shortserieswidth=\skip75
\shorttitlewidth=\skip76
\shortauthorwidth=\skip77
\shorteditorwidth=\skip78
\locallabelnumberwidth=\skip79
\locallabelalphawidth=\skip80
\localshorthandwidth=\skip81
\localshortjournalwidth=\skip82
\localshortserieswidth=\skip83
\localshorttitlewidth=\skip84
\localshortauthorwidth=\skip85
\localshorteditorwidth=\skip86
Package biblatex Info: Trying to load compatibility code...
Package biblatex Info: ... file 'blx-compat.def' found.

(C:\Program Files\MiKTeX\tex/latex/biblatex\blx-compat.def
File: blx-compat.def 2020/12/31 v3.16 biblatex compatibility (PK/MW)
)
Package biblatex Info: Trying to load BibTeX backend compatibility...
Package biblatex Info: ... file 'blx-bibtex.def' found.

(C:\Program Files\MiKTeX\tex/latex/biblatex\blx-bibtex.def
File: blx-bibtex.def 2020/12/31 v3.16 biblatex compatibility (PK/MW)


Package biblatex Warning: Using fall-back BibTeX(8) backend:
(biblatex)                functionality may be reduced/unavailable.

)
Package biblatex Info: Trying to load generic definitions...
Package biblatex Info: ... file 'biblatex.def' found.
 (C:\Program Files\MiKTeX\tex/latex/biblatex\biblatex.def
File: biblatex.def 2020/12/31 v3.16 biblatex compatibility (PK/MW)
\c@textcitecount=\count390
\c@textcitetotal=\count391
\c@textcitemaxnames=\count392
\c@biburlbigbreakpenalty=\count393
\c@biburlbreakpenalty=\count394
\c@biburlnumpenalty=\count395
\c@biburlucpenalty=\count396
\c@biburllcpenalty=\count397
\biburlbigskip=\muskip17
\biburlnumskip=\muskip18
\biburlucskip=\muskip19
\biburllcskip=\muskip20
\c@smartand=\count398
)
Package biblatex Info: Trying to load natbib compatibility...
Package biblatex Info: ... file 'blx-natbib.def' found.

(C:\Program Files\MiKTeX\tex/latex/biblatex\blx-natbib.def
File: blx-natbib.def 2020/12/31 v3.16 biblatex compatibility (PK/MW)
Package biblatex Info: Delimiter 'nameyeardelim' in context '' already defined,
 overwriting.
)
Package biblatex Info: Trying to load bibliography style 'numeric-comp'...
Package biblatex Info: ... file 'numeric-comp.bbx' found.

(C:\Program Files\MiKTeX\tex/latex/biblatex/bbx\numeric-comp.bbx
File: numeric-comp.bbx 2020/12/31 v3.16 biblatex bibliography style (PK/MW)
Package biblatex Info: Trying to load bibliography style 'numeric'...
Package biblatex Info: ... file 'numeric.bbx' found.

(C:\Program Files\MiKTeX\tex/latex/biblatex/bbx\numeric.bbx
File: numeric.bbx 2020/12/31 v3.16 biblatex bibliography style (PK/MW)
Package biblatex Info: Trying to load bibliography style 'standard'...
Package biblatex Info: ... file 'standard.bbx' found.

(C:\Program Files\MiKTeX\tex/latex/biblatex/bbx\standard.bbx
File: standard.bbx 2020/12/31 v3.16 biblatex bibliography style (PK/MW)
\c@bbx:relatedcount=\count399
\c@bbx:relatedtotal=\count400
)))
Package biblatex Info: Trying to load citation style 'numeric-comp'...
Package biblatex Info: ... file 'numeric-comp.cbx' found.

(C:\Program Files\MiKTeX\tex/latex/biblatex/cbx\numeric-comp.cbx
File: numeric-comp.cbx 2020/12/31 v3.16 biblatex citation style (PK/MW)
\c@cbx@tempcnta=\count401
\c@cbx@tempcntb=\count402
\c@cbx@tempcntc=\count403
\c@cbx@tempcntd=\count404
Package biblatex Info: Redefining '\cite'.
Package biblatex Info: Redefining '\parencite'.
Package biblatex Info: Redefining '\footcite'.
Package biblatex Info: Redefining '\footcitetext'.
Package biblatex Info: Redefining '\smartcite'.
Package biblatex Info: Redefining '\supercite'.
Package biblatex Info: Redefining '\textcite'.
Package biblatex Info: Redefining '\textcites'.
Package biblatex Info: Redefining '\cites'.
Package biblatex Info: Redefining '\parencites'.
Package biblatex Info: Redefining '\smartcites'.
)
Package biblatex Info: Trying to load configuration file...
Package biblatex Info: ... file 'biblatex.cfg' found.

(C:\Program Files\MiKTeX\tex/latex/biblatex\biblatex.cfg
File: biblatex.cfg 
))
(C:\Program Files\MiKTeX\tex/latex/amsmath\amsmath.sty
Package: amsmath 2020/09/23 v2.17i AMS math features
\@mathmargin=\skip87

For additional information on amsmath, use the `?' option.
(C:\Program Files\MiKTeX\tex/latex/amsmath\amstext.sty
Package: amstext 2000/06/29 v2.01 AMS text

(C:\Program Files\MiKTeX\tex/latex/amsmath\amsgen.sty
File: amsgen.sty 1999/11/30 v2.0 generic functions
\@emptytoks=\toks20
\ex@=\dimen148
))
(C:\Program Files\MiKTeX\tex/latex/amsmath\amsbsy.sty
Package: amsbsy 1999/11/29 v1.2d Bold Symbols
\pmbraise@=\dimen149
)
(C:\Program Files\MiKTeX\tex/latex/amsmath\amsopn.sty
Package: amsopn 2016/03/08 v2.02 operator names
)
\inf@bad=\count405
LaTeX Info: Redefining \frac on input line 234.
\uproot@=\count406
\leftroot@=\count407
LaTeX Info: Redefining \overline on input line 399.
\classnum@=\count408
\DOTSCASE@=\count409
LaTeX Info: Redefining \ldots on input line 496.
LaTeX Info: Redefining \dots on input line 499.
LaTeX Info: Redefining \cdots on input line 620.
\Mathstrutbox@=\box50
\strutbox@=\box51
\big@size=\dimen150
LaTeX Font Info:    Redeclaring font encoding OML on input line 743.
LaTeX Font Info:    Redeclaring font encoding OMS on input line 744.
\macc@depth=\count410
\c@MaxMatrixCols=\count411
\dotsspace@=\muskip21
\c@parentequation=\count412
\dspbrk@lvl=\count413
\tag@help=\toks21
\row@=\count414
\column@=\count415
\maxfields@=\count416
\andhelp@=\toks22
\eqnshift@=\dimen151
\alignsep@=\dimen152
\tagshift@=\dimen153
\tagwidth@=\dimen154
\totwidth@=\dimen155
\lineht@=\dimen156
\@envbody=\toks23
\multlinegap=\skip88
\multlinetaggap=\skip89
\mathdisplay@stack=\toks24
LaTeX Info: Redefining \[ on input line 2923.
LaTeX Info: Redefining \] on input line 2924.
)
(C:\Program Files\MiKTeX\tex/latex/base\fontenc.sty
Package: fontenc 2020/08/10 v2.0s Standard LaTeX package
)
(C:\Program Files\MiKTeX\tex/latex/base\textcomp.sty
Package: textcomp 2020/02/02 v2.0n Standard LaTeX package
)
(C:\Users\lordyhas\AppData\Roaming\MiKTeX\tex/latex/koma-script\scrhack.sty
Package: scrhack 2021/06/25 v3.34 KOMA-Script package (hacking other packages)

(C:\Users\lordyhas\AppData\Roaming\MiKTeX\tex/latex/xpatch\xpatch.sty
Package: xpatch 2020/03/25 v0.3a Extending etoolbox patching commands

(C:\Program Files\MiKTeX\tex/latex/l3packages/xparse\xparse.sty
Package: xparse 2020-10-27 L3 Experimental document command parser

(C:\Program Files\MiKTeX\tex/latex/l3packages/xparse\xparse-generic.tex))))
(C:\Program Files\MiKTeX\tex/latex/latex-tools\xspace.sty
Package: xspace 2014/10/28 v1.13 Space after command names (DPC,MH)
)
(C:\Users\lordyhas\AppData\Roaming\MiKTeX\tex/latex/mparhack\mparhack.sty
Package: mparhack 2021-05-02 v1.5 (T. Sgouros and S. Ulrich)
)
(C:\Program Files\MiKTeX\tex/latex/base\fixltx2e.sty
Package: fixltx2e 2016/12/29 v2.1a fixes to LaTeX (obsolete)
Applying: [2015/01/01] Old fixltx2e package on input line 46.


Package fixltx2e Warning: fixltx2e is not required with releases after 2015
(fixltx2e)                All fixes are now in the LaTeX kernel.
(fixltx2e)                See the latexrelease package for details.

Already applied: [0000/00/00] Old fixltx2e package on input line 53.
) (C:\Users\lordyhas\AppData\Roaming\MiKTeX\tex/latex/acronym\acronym.sty
Package: acronym 2020/04/17 v1.47 Support for acronyms (Tobias Oetiker)

(C:\Users\lordyhas\AppData\Roaming\MiKTeX\tex/latex/bigfoot\suffix.sty
Package: suffix 2006/07/15 1.5a Variant command support
)
(C:\Users\lordyhas\AppData\Roaming\MiKTeX\tex/latex/xstring\xstring.sty
(C:\Users\lordyhas\AppData\Roaming\MiKTeX\tex/generic/xstring\xstring.tex
\integerpart=\count417
\decimalpart=\count418
)
Package: xstring 2021/07/21 v1.84 String manipulations (CT)
)
(C:\Users\lordyhas\AppData\Roaming\MiKTeX\tex/latex/relsize\relsize.sty
Package: relsize 2013/03/29 ver 4.1
)
\AC@clearlist=\toks25
)
(C:\Program Files\MiKTeX\tex/latex/graphics\graphicx.sty
Package: graphicx 2020/09/09 v1.2b Enhanced LaTeX Graphics (DPC,SPQR)

(C:\Program Files\MiKTeX\tex/latex/graphics\graphics.sty
Package: graphics 2020/08/30 v1.4c Standard LaTeX Graphics (DPC,SPQR)

(C:\Program Files\MiKTeX\tex/latex/graphics\trig.sty
Package: trig 2016/01/03 v1.10 sin cos tan (DPC)
)
(C:\Program Files\MiKTeX\tex/latex/graphics-cfg\graphics.cfg
File: graphics.cfg 2016/06/04 v1.11 sample graphics configuration
)
Package graphics Info: Driver file: pdftex.def on input line 105.

(C:\Program Files\MiKTeX\tex/latex/graphics-def\pdftex.def
File: pdftex.def 2020/10/05 v1.2a Graphics/color driver for pdftex
))
\Gin@req@height=\dimen157
\Gin@req@width=\dimen158
)
(C:\Program Files\MiKTeX\tex/latex/latex-tools\tabularx.sty
Package: tabularx 2020/01/15 v2.11c `tabularx' package (DPC)

(C:\Program Files\MiKTeX\tex/latex/latex-tools\array.sty
Package: array 2020/10/01 v2.5c Tabular extension package (FMi)
\col@sep=\dimen159
\ar@mcellbox=\box52
\extrarowheight=\dimen160
\NC@list=\toks26
\extratabsurround=\skip90
\backup@length=\skip91
\ar@cellbox=\box53
)
\TX@col@width=\dimen161
\TX@old@table=\dimen162
\TX@old@col=\dimen163
\TX@target=\dimen164
\TX@delta=\dimen165
\TX@cols=\count419
\TX@ftn=\toks27
)
(C:\Users\lordyhas\AppData\Roaming\MiKTeX\tex/latex/caption\caption.sty
Package: caption 2020/10/26 v3.5g Customizing captions (AR)

(C:\Users\lordyhas\AppData\Roaming\MiKTeX\tex/latex/caption\caption3.sty
Package: caption3 2020/10/21 v2.2e caption3 kernel (AR)
\captionmargin=\dimen166
\captionmargin@=\dimen167
\captionwidth=\dimen168
\caption@tempdima=\dimen169
\caption@indent=\dimen170
\caption@parindent=\dimen171
\caption@hangindent=\dimen172
Package caption Info: KOMA-Script document class detected.
Package caption Info: french babel package is loaded.

(C:\Users\lordyhas\AppData\Roaming\MiKTeX\tex/latex/caption\caption-koma.sto
File: caption-koma.sto 2020/09/21 v2.0b Adaption of the caption package to the 
KOMA-Script document classes (AR)
))
\c@caption@flags=\count420
\c@continuedfloat=\count421
) (C:\Users\lordyhas\AppData\Roaming\MiKTeX\tex/latex/subfig\subfig.sty
Package: subfig 2005/06/28 ver: 1.3 subfig package
\c@KVtest=\count422
\sf@farskip=\skip92
\sf@captopadj=\dimen173
\sf@capskip=\skip93
\sf@nearskip=\skip94
\c@subfigure=\count423
\c@subfigure@save=\count424
\c@lofdepth=\count425
\c@subtable=\count426
\c@subtable@save=\count427
\c@lotdepth=\count428
\sf@top=\skip95
\sf@bottom=\skip96
)
(C:\Program Files\MiKTeX\tex/latex/listings\listings.sty
\lst@mode=\count429
\lst@gtempboxa=\box54
\lst@token=\toks28
\lst@length=\count430
\lst@currlwidth=\dimen174
\lst@column=\count431
\lst@pos=\count432
\lst@lostspace=\dimen175
\lst@width=\dimen176
\lst@newlines=\count433
\lst@lineno=\count434
\lst@maxwidth=\dimen177

(C:\Program Files\MiKTeX\tex/latex/listings\lstmisc.sty
File: lstmisc.sty 2020/03/24 1.8d (Carsten Heinz)
\c@lstnumber=\count435
\lst@skipnumbers=\count436
\lst@framebox=\box55
)
(C:\Program Files\MiKTeX\tex/latex/listings\listings.cfg
File: listings.cfg 2020/03/24 1.8d listings configuration
))
Package scrhack Info: loading listings hack on input line 156.

(C:\Users\lordyhas\AppData\Roaming\MiKTeX\tex/latex/koma-script\listings.hak
File: listings.hak 2021/06/25 v3.34 KOMA-Script scrhack part (hacking package l
istings)
Package tocbasic Info: setting babel extension for `lol' on input line 143.
Package scrhack Info: redefining \lstlistoflistings on input line 143.
)
Package: listings 2020/03/24 1.8d (Carsten Heinz)

(C:\Program Files\MiKTeX\tex/latex/listings\lstlang1.sty
File: lstlang1.sty 2020/03/24 1.8d listings language file
)
(C:\Program Files\MiKTeX\tex/latex/listings\lstlang2.sty
File: lstlang2.sty 2020/03/24 1.8d listings language file
)
(C:\Program Files\MiKTeX\tex/latex/listings\lstlang3.sty
File: lstlang3.sty 2020/03/24 1.8d listings language file
)
(C:\Program Files\MiKTeX\tex/latex/listings\lstlang1.sty
File: lstlang1.sty 2020/03/24 1.8d listings language file
)
(C:\Program Files\MiKTeX\tex/latex/listings\lstlang2.sty
File: lstlang2.sty 2020/03/24 1.8d listings language file
)
(C:\Program Files\MiKTeX\tex/latex/listings\lstlang3.sty
File: lstlang3.sty 2020/03/24 1.8d listings language file
)
(C:\Program Files\MiKTeX\tex/latex/listings\lstlang1.sty
File: lstlang1.sty 2020/03/24 1.8d listings language file
)
(C:\Program Files\MiKTeX\tex/latex/listings\lstlang2.sty
File: lstlang2.sty 2020/03/24 1.8d listings language file
)
(C:\Program Files\MiKTeX\tex/latex/listings\lstlang3.sty
File: lstlang3.sty 2020/03/24 1.8d listings language file
)
(C:\Program Files\MiKTeX\tex/latex/listings\lstmisc.sty
File: lstmisc.sty 2020/03/24 1.8d (Carsten Heinz)
)
Package scrhack Info: hyperref hack deactivated because of
(scrhack)             detection of KOMA-Script class, that doesn't
(scrhack)             need that hack, on input line 180.

(C:\Program Files\MiKTeX\tex/latex/hyperref\hyperref.sty
Package: hyperref 2021-02-10 v7.00j Hypertext links for LaTeX

(C:\Users\lordyhas\AppData\Roaming\MiKTeX\tex/generic/kvdefinekeys\kvdefinekeys
.sty
Package: kvdefinekeys 2019-12-19 v1.6 Define keys (HO)
)
(C:\Users\lordyhas\AppData\Roaming\MiKTeX\tex/generic/pdfescape\pdfescape.sty
Package: pdfescape 2019/12/09 v1.15 Implements pdfTeX's escape features (HO)
)
(C:\Users\lordyhas\AppData\Roaming\MiKTeX\tex/latex/hycolor\hycolor.sty
Package: hycolor 2020-01-27 v1.10 Color options for hyperref/bookmark (HO)
)
(C:\Users\lordyhas\AppData\Roaming\MiKTeX\tex/latex/letltxmacro\letltxmacro.sty
Package: letltxmacro 2019/12/03 v1.6 Let assignment for LaTeX macros (HO)
) (C:\Users\lordyhas\AppData\Roaming\MiKTeX\tex/latex/auxhook\auxhook.sty
Package: auxhook 2019-12-17 v1.6 Hooks for auxiliary files (HO)
)
\@linkdim=\dimen178
\Hy@linkcounter=\count437
\Hy@pagecounter=\count438

(C:\Program Files\MiKTeX\tex/latex/hyperref\pd1enc.def
File: pd1enc.def 2021-02-10 v7.00j Hyperref: PDFDocEncoding definition (HO)
Now handling font encoding PD1 ...
... no UTF-8 mapping file for font encoding PD1
)
(C:\Program Files\MiKTeX\tex/latex/hyperref\hyperref-langpatches.def
File: hyperref-langpatches.def 2021-02-10 v7.00j Hyperref: patches for babel la
nguages
)
(C:\Users\lordyhas\AppData\Roaming\MiKTeX\tex/generic/intcalc\intcalc.sty
Package: intcalc 2019/12/15 v1.3 Expandable calculations with integers (HO)
)
(C:\Users\lordyhas\AppData\Roaming\MiKTeX\tex/generic/etexcmds\etexcmds.sty
Package: etexcmds 2019/12/15 v1.7 Avoid name clashes with e-TeX commands (HO)
)
\Hy@SavedSpaceFactor=\count439

(C:\Program Files\MiKTeX\tex/latex/hyperref\puenc.def
File: puenc.def 2021-02-10 v7.00j Hyperref: PDF Unicode definition (HO)
Now handling font encoding PU ...
... no UTF-8 mapping file for font encoding PU
)
Package hyperref Info: Option `hyperfootnotes' set `false' on input line 4073.
Package hyperref Info: Option `pdfpagelabels' set `true' on input line 4073.
Package hyperref Info: Hyper figures OFF on input line 4192.
Package hyperref Info: Link nesting OFF on input line 4197.
Package hyperref Info: Hyper index ON on input line 4200.
Package hyperref Info: Plain pages OFF on input line 4207.
Package hyperref Info: Backreferencing OFF on input line 4212.
Package hyperref Info: Implicit mode ON; LaTeX internals redefined.
Package hyperref Info: Bookmarks ON on input line 4445.
\c@Hy@tempcnt=\count440
LaTeX Info: Redefining \url on input line 4804.
\XeTeXLinkMargin=\dimen179

(C:\Users\lordyhas\AppData\Roaming\MiKTeX\tex/generic/bitset\bitset.sty
Package: bitset 2019/12/09 v1.3 Handle bit-vector datatype (HO)

(C:\Users\lordyhas\AppData\Roaming\MiKTeX\tex/generic/bigintcalc\bigintcalc.sty
Package: bigintcalc 2019/12/15 v1.5 Expandable calculations on big integers (HO
)
))
\Fld@menulength=\count441
\Field@Width=\dimen180
\Fld@charsize=\dimen181
Package hyperref Info: Hyper figures OFF on input line 6075.
Package hyperref Info: Link nesting OFF on input line 6080.
Package hyperref Info: Hyper index ON on input line 6083.
Package hyperref Info: backreferencing OFF on input line 6090.
Package hyperref Info: Link coloring OFF on input line 6095.
Package hyperref Info: Link coloring with OCG OFF on input line 6100.
Package hyperref Info: PDF/A mode OFF on input line 6105.
LaTeX Info: Redefining \ref on input line 6145.
LaTeX Info: Redefining \pageref on input line 6149.
 (C:\Program Files\MiKTeX\tex/latex/base\atbegshi-ltx.sty
Package: atbegshi-ltx 2020/08/17 v1.0a Emulation of the original atbegshi packa
ge
with kernel methods
)
\Hy@abspage=\count442
\c@Item=\count443
)
Package hyperref Info: Driver: hpdftex.

(C:\Program Files\MiKTeX\tex/latex/hyperref\hpdftex.def
File: hpdftex.def 2021-02-10 v7.00j Hyperref driver for pdfTeX

(C:\Program Files\MiKTeX\tex/latex/base\atveryend-ltx.sty
Package: atveryend-ltx 2020/08/19 v1.0a Emulation of the original atvery packag
e
with kernel methods
)
\Fld@listcount=\count444
\c@bookmark@seq@number=\count445

(C:\Users\lordyhas\AppData\Roaming\MiKTeX\tex/latex/rerunfilecheck\rerunfileche
ck.sty
Package: rerunfilecheck 2019/12/05 v1.9 Rerun checks for auxiliary files (HO)

(C:\Users\lordyhas\AppData\Roaming\MiKTeX\tex/generic/uniquecounter\uniquecount
er.sty
Package: uniquecounter 2019/12/15 v1.4 Provide unlimited unique counter (HO)
)
Package uniquecounter Info: New unique counter `rerunfilecheck' on input line 2
86.
)
\Hy@SectionHShift=\skip97
)
Package hyperref Info: Option `colorlinks' set `true' on input line 203.
Package hyperref Info: Option `linktocpage' set `true' on input line 203.
Package hyperref Info: Option `breaklinks' set `true' on input line 203.
Package hyperref Info: Option `pageanchor' set `true' on input line 203.
Package hyperref Info: Option `plainpages' set `false' on input line 203.
Package hyperref Info: Option `bookmarksnumbered' set `true' on input line 203.

Package hyperref Info: Option `bookmarksopen' set `true' on input line 203.
Package hyperref Info: Option `hypertexnames' set `true' on input line 203.
 (classicthesis.sty
Package: classicthesis 2015/09/06 v4.2 Typographic style for a classic-looking 
thesis

(C:\Program Files\MiKTeX\tex/generic/iftex\ifpdf.sty
Package: ifpdf 2019/10/25 v3.4 ifpdf legacy package. Use iftex instead.
)
(C:\Program Files\MiKTeX\tex/generic/iftex\ifxetex.sty
Package: ifxetex 2019/10/25 v0.7 ifxetex legacy package. Use iftex instead.
)
(C:\Program Files\MiKTeX\tex/latex/xcolor\xcolor.sty
Package: xcolor 2016/05/11 v2.12 LaTeX color extensions (UK)

(C:\Program Files\MiKTeX\tex/latex/graphics-cfg\color.cfg
File: color.cfg 2016/01/02 v1.6 sample color configuration
)
Package xcolor Info: Driver file: pdftex.def on input line 225.
Package xcolor Info: Model `cmy' substituted by `cmy0' on input line 1348.
Package xcolor Info: Model `hsb' substituted by `rgb' on input line 1352.
Package xcolor Info: Model `RGB' extended on input line 1364.
Package xcolor Info: Model `HTML' substituted by `rgb' on input line 1366.
Package xcolor Info: Model `Hsb' substituted by `hsb' on input line 1367.
Package xcolor Info: Model `tHsb' substituted by `hsb' on input line 1368.
Package xcolor Info: Model `HSB' substituted by `hsb' on input line 1369.
Package xcolor Info: Model `Gray' substituted by `gray' on input line 1370.
Package xcolor Info: Model `wave' substituted by `hsb' on input line 1371.

(C:\Program Files\MiKTeX\tex/latex/graphics\dvipsnam.def
File: dvipsnam.def 2016/06/17 v3.0m Driver-dependent file (DPC,SPQR)
))
(C:\Users\lordyhas\AppData\Roaming\MiKTeX\tex/latex/psnfss\mathpazo.sty
Package: mathpazo 2020/03/25 PSNFSS-v9.3 Palatino w/ Pazo Math (D.Puga, WaS) 
\symupright=\mathgroup4
)
(C:\Users\lordyhas\AppData\Roaming\MiKTeX\tex/latex/bera\beramono.sty
Package: beramono 2004/01/31 (WaS)
)
(C:\Users\lordyhas\AppData\Roaming\MiKTeX\tex/latex/eulervm\eulervm.sty
Package: eulervm 2005/01/11 v4.0 (WaS)
)
(C:\Users\lordyhas\AppData\Roaming\MiKTeX\tex/latex/microtype\microtype.sty
Package: microtype 2021/12/10 v3.0b Micro-typographical refinements (RS)
\MT@toks=\toks29
\MT@count=\count446
\MT@tempbox=\box56
LaTeX Info: Redefining \leftprotrusion on input line 1010.
LaTeX Info: Redefining \rightprotrusion on input line 1018.
LaTeX Info: Redefining \textls on input line 1173.
\MT@outer@kern=\dimen182
LaTeX Info: Redefining \textmicrotypecontext on input line 1759.
\MT@listname@count=\count447

(C:\Users\lordyhas\AppData\Roaming\MiKTeX\tex/latex/microtype\microtype-pdftex.
def
File: microtype-pdftex.def 2021/12/10 v3.0b Definitions specific to pdftex (RS)

LaTeX Info: Redefining \lsstyle on input line 897.
LaTeX Info: Redefining \lslig on input line 897.
\MT@outer@space=\skip98
)
Package microtype Info: Loading configuration file microtype.cfg.

(C:\Users\lordyhas\AppData\Roaming\MiKTeX\tex/latex/microtype\microtype.cfg
File: microtype.cfg 2021/12/10 v3.0b microtype main configuration file (RS)
))
Package classicthesis Info: A4 paper, Palatino or other on input line 272.
Package typearea Info: These are the values describing the layout:
(typearea)             DIV  = areaset
(typearea)             BCOR = 0.0pt
(typearea)             \paperwidth      = 597.50793pt
(typearea)              \textwidth      = 336.0pt
(typearea)              \evensidemargin = 58.48398pt
(typearea)              \oddsidemargin  = 58.48398pt
(typearea)             \paperheight     = 845.04694pt
(typearea)              \textheight     = 713.65pt
(typearea)              \topmargin      = -40.58768pt
(typearea)              \headheight     = 15.95pt
(typearea)              \headsep        = 20.40001pt
(typearea)              \topskip        = 11.0pt
(typearea)              \footskip       = 47.60002pt
(typearea)              \baselineskip   = 13.6pt
(typearea)              on input line 272.

(C:\Users\lordyhas\AppData\Roaming\MiKTeX\tex/latex/booktabs\booktabs.sty
Package: booktabs 2020/01/12 v1.61803398 Publication quality tables
\heavyrulewidth=\dimen183
\lightrulewidth=\dimen184
\cmidrulewidth=\dimen185
\belowrulesep=\dimen186
\belowbottomsep=\dimen187
\aboverulesep=\dimen188
\abovetopsep=\dimen189
\cmidrulesep=\dimen190
\cmidrulekern=\dimen191
\defaultaddspace=\dimen192
\@cmidla=\count448
\@cmidlb=\count449
\@aboverulesep=\dimen193
\@belowrulesep=\dimen194
\@thisruleclass=\count450
\@lastruleclass=\count451
\@thisrulewidth=\dimen195
)
(C:\Users\lordyhas\AppData\Roaming\MiKTeX\tex/latex/textcase\textcase.sty
Package: textcase 2019/09/14 v1.00 Text only upper/lower case changing (DPC)
)
Package classicthesis Info: Using pdftex/microtype for character spacing.Make s
ure your pdftex is version 1.40 or higher. on input line 345.

(C:\Users\lordyhas\AppData\Roaming\MiKTeX\tex/latex/koma-script\scrlayer-scrpag
e.sty
Package: scrlayer-scrpage 2021/06/25 v3.34 KOMA-Script package (end user interf
ace for scrlayer)

(C:\Users\lordyhas\AppData\Roaming\MiKTeX\tex/latex/koma-script\scrlayer.sty
Package: scrlayer 2021/06/25 v3.34 KOMA-Script package (defining layers and pag
e styles)
Package scrlayer Info: Using already defined \footheight
(scrlayer)             hoping, that this is a length and
(scrlayer)             not only a macro on input line 136.
Package scrlayer Info: patching LaTeX kernel macro \pagestyle on input line 216
2.
)
Package scrlayer-scrpage Info: Makeing stand-alone element `pagehead' from
(scrlayer-scrpage)             alias to `pageheadfoot' on input line 1085.
Package scrlayer-scrpage Info: deactivating warning for font element
(scrlayer-scrpage)             `pagefoot' on input line 1109.
)
Package scrlayer-scrpage Info: auto-selection of `pagestyleset=KOMA-Script'.

1: section
1: chapter
1: chapter
1: section

Package scrlayer-scrpage Warning: replacing deprecated \clearscrheading by
(scrlayer-scrpage)                \clearmainofpairofpagestyles on input line 35
4.

(C:\Users\lordyhas\AppData\Roaming\MiKTeX\tex/latex/titlesec\titlesec.sty
Package: titlesec 2021/07/05 v2.14 Sectioning titles
\ttl@box=\box57
\beforetitleunit=\skip99
\aftertitleunit=\skip100
\ttl@plus=\dimen196
\ttl@minus=\dimen197
\ttl@toksa=\toks30
\titlewidth=\dimen198
\titlewidthlast=\dimen199
\titlewidthfirst=\dimen256


Package titlesec Warning: Non standard sectioning command \section
(titlesec)                detected. Using default spacing and no format.


Package titlesec Warning: Non standard sectioning command \subsection
(titlesec)                detected. Using default spacing and no format.


Package titlesec Warning: Non standard sectioning command \subsubsection
(titlesec)                detected. Using default spacing and no format.


Package titlesec Warning: Non standard sectioning command \paragraph
(titlesec)                detected. Using default spacing and no format.


Package titlesec Warning: Non standard sectioning command \subparagraph
(titlesec)                detected. Using default spacing and no format.

)
Class scrreprt Info: Unknown `titesec' release.
(scrreprt)           Cross your fingers, that is compatible on input line 378.


Class scrreprt Warning: Usage of package `tocloft' together
(scrreprt)              with a KOMA-Script class is not recommended.
(scrreprt)              I'd suggest to use options like `listof=entryprefix',
(scrreprt)              commands like `\listoflofentryname' or
(scrreprt)              `\listoflotentryname', and `\DeclareTOCStyleEntry' or
(scrreprt)              `\RedeclareSectionCommand' instead of this package,
(scrreprt)              because it breaks several KOMA-Script features of
(scrreprt)              the list of figures, list of tables and table of
(scrreprt)              contents, i.e., options like `listof=numbered',
(scrreprt)              `listof=flat or `toc=flat', commands like
(scrreprt)              `\BeforeTOCHead{...}' and `\AfterTOCHead{...}',
(scrreprt)              `\BeforeStartingTOC{...}' and \AfterStartingTOC{...}',
(scrreprt)              all features of `\DeclareTOCStyleEntry',
(scrreprt)              and the ToC entry features of `\DeclareSecionCommand'
(scrreprt)              and `\RedeclareSectionCommand' of levels
(scrreprt)              `part', `section', `subsection',
(scrreprt)              `subsubsection', `paragraph' and `subparagraph'.
(scrreprt)              Nevertheless, using requested
(scrreprt)              package `tocloft' on input line 427.

(C:\Users\lordyhas\AppData\Roaming\MiKTeX\tex/latex/tocloft\tocloft.sty
Package: tocloft 2017/08/31 v2.3i parameterised ToC, etc., typesetting
Package tocloft Info: The document has chapter divisions on input line 51.
\cftparskip=\skip101
\cftbeforetoctitleskip=\skip102
\cftaftertoctitleskip=\skip103
\cftbeforepartskip=\skip104
\cftpartnumwidth=\skip105
\cftpartindent=\skip106
\cftbeforechapskip=\skip107
\cftchapindent=\skip108
\cftchapnumwidth=\skip109
\cftbeforesecskip=\skip110
\cftsecindent=\skip111
\cftsecnumwidth=\skip112
\cftbeforesubsecskip=\skip113
\cftsubsecindent=\skip114
\cftsubsecnumwidth=\skip115
\cftbeforesubsubsecskip=\skip116
\cftsubsubsecindent=\skip117
\cftsubsubsecnumwidth=\skip118
\cftbeforeparaskip=\skip119
\cftparaindent=\skip120
\cftparanumwidth=\skip121
\cftbeforesubparaskip=\skip122
\cftsubparaindent=\skip123
\cftsubparanumwidth=\skip124
\cftbeforeloftitleskip=\skip125
\cftafterloftitleskip=\skip126
\cftbeforefigskip=\skip127
\cftfigindent=\skip128
\cftfignumwidth=\skip129
\cftbeforelottitleskip=\skip130
\cftafterlottitleskip=\skip131
\cftbeforetabskip=\skip132
\cfttabindent=\skip133
\cfttabnumwidth=\skip134
\cftbeforesubfigskip=\skip135
\cftsubfigindent=\skip136
\cftsubfignumwidth=\skip137
\cftbeforesubtabskip=\skip138
\cftsubtabindent=\skip139
\cftsubtabnumwidth=\skip140
)
\newnumberwidth=\skip141
\beforebibskip=\skip142
\newchnumberwidth=\skip143
\figurelabelwidth=\skip144
\tablelabelwidth=\skip145
\c@listings=\count452
\cftbeforelistingsskip=\skip146
\cftlistingsindent=\skip147
\cftlistingsnumwidth=\skip148
\c@loldepth=\count453
\cftbeforeloltitleskip=\skip149
\cftafterloltitleskip=\skip150
\listingslabelwidth=\skip151

Using KOMA-command "deffootnote" for footnote setup
(C:\Users\lordyhas\AppData\Roaming\MiKTeX\tex/latex/koma-script\scrtime.sty
Package: scrtime 2021/06/25 v3.34 KOMA-Script package (time of LaTeX run)
)
(C:\Users\lordyhas\AppData\Roaming\MiKTeX\tex/latex/prelim2e\prelim2e.sty
Package: prelim2e 2020/11/24 v2.0 prelim2e Package
)
(C:\Users\lordyhas\AppData\Roaming\MiKTeX\tex/latex/carlisle\remreset.sty

Package remreset Warning: The remreset package is obsolete:
(remreset)                \@removefromreset is defined.

))) (C:\Users\lordyhas\AppData\Roaming\MiKTeX\tex/latex/float\float.sty
Package: float 2001/11/08 v1.3d Float enhancements (AL)
\c@float@type=\count454
\float@exts=\toks31
\float@box=\box58
\@float@everytoks=\toks32
\@floatcapt=\box59
)
Package scrhack Info: loading float hack on input line 50.

(C:\Users\lordyhas\AppData\Roaming\MiKTeX\tex/latex/koma-script\float.hak
File: float.hak 2021/06/25 v3.34 KOMA-Script scrhack part (hacking package floa
t)
Package scrhack Info: redefining \newfloat on input line 163.
Package scrhack Info: redefining \listof on input line 163.
Package scrhack Info: undefining \float@addtolists on input line 163.
)
(C:\Users\lordyhas\AppData\Roaming\MiKTeX\tex/latex/pdfpages\pdfpages.sty
Package: pdfpages 2022/01/29 v0.5u Insert pages of external PDF documents (AM)

(C:\Program Files\MiKTeX\tex/latex/latex-tools\calc.sty
Package: calc 2017/05/25 v4.3 Infix arithmetic (KKT,FJ)
\calc@Acount=\count455
\calc@Bcount=\count456
\calc@Adimen=\dimen257
\calc@Bdimen=\dimen258
\calc@Askip=\skip152
\calc@Bskip=\skip153
LaTeX Info: Redefining \setlength on input line 80.
LaTeX Info: Redefining \addtolength on input line 81.
\calc@Ccount=\count457
\calc@Cskip=\skip154
)
(C:\Users\lordyhas\AppData\Roaming\MiKTeX\tex/latex/eso-pic\eso-pic.sty
Package: eso-pic 2020/10/14 v3.0a eso-pic (RN)
\ESO@tempdima=\dimen259
\ESO@tempdimb=\dimen260
)
\AM@pagewidth=\dimen261
\AM@pageheight=\dimen262
\AM@fboxrule=\dimen263

(C:\Users\lordyhas\AppData\Roaming\MiKTeX\tex/latex/pdfpages\pppdftex.def
File: pppdftex.def 2022/01/29 v0.5u Pdfpages driver for pdfTeX (AM)
)
\pdfpages@includegraphics@status=\count458
\AM@pagebox=\box60
\AM@global@opts=\toks33
\AM@pagecnt=\count459
\AM@toc@title=\toks34
\c@AM@survey=\count460
\AM@templatesizebox=\box61
)
(C:\Users\lordyhas\AppData\Roaming\MiKTeX\tex/latex/wrapfig\wrapfig.sty
\wrapoverhang=\dimen264
\WF@size=\dimen265
\c@WF@wrappedlines=\count461
\WF@box=\box62
\WF@everypar=\toks35
Package: wrapfig 2003/01/31  v 3.6
)
Package typearea Info: These are the values describing the layout:
(typearea)             DIV  = areaset
(typearea)             BCOR = 0.0pt
(typearea)             \paperwidth      = 597.50793pt
(typearea)              \textwidth      = 426.79134pt
(typearea)              \evensidemargin = 13.0883pt
(typearea)              \oddsidemargin  = 13.0883pt
(typearea)             \paperheight     = 845.04694pt
(typearea)              \textheight     = 697.73117pt
(typearea)              \topmargin      = -35.2814pt
(typearea)              \headheight     = 15.95pt
(typearea)              \headsep        = 20.40001pt
(typearea)              \topskip        = 11.0pt
(typearea)              \footskip       = 47.60002pt
(typearea)              \baselineskip   = 13.6pt
(typearea)              on input line 59.
Package csquotes Info: Checking for multilingual support...
Package csquotes Info: ... found 'babel' package.
Package csquotes Info: Adjusting default style.
Package csquotes Info: Redefining alias 'default' -> 'american'.
LaTeX Font Info:    Trying to load font information for T1+pplj on input line 6
4.

(C:\Users\lordyhas\AppData\Roaming\MiKTeX\tex/latex/psnfss\t1pplj.fd
File: t1pplj.fd 2004/09/06 font definitions for T1/pplj.
) (main.aux (FrontBackMatter/Titleback.aux) (FrontBackMatter/Acknowledgments.au
x)
(FrontBackMatter/Contents.aux)

LaTeX Warning: Label `fig:usine' multiply defined.


LaTeX Warning: Label `fig:usine' multiply defined.

(FrontBackMatter/Bibliography.aux) (FrontBackMatter/Colophon.aux))
\openout1 = `main.aux'.

LaTeX Font Info:    Checking defaults for OML/cmm/m/it on input line 64.
LaTeX Font Info:    ... okay on input line 64.
LaTeX Font Info:    Checking defaults for OMS/cmsy/m/n on input line 64.
LaTeX Font Info:    ... okay on input line 64.
LaTeX Font Info:    Checking defaults for OT1/cmr/m/n on input line 64.
LaTeX Font Info:    ... okay on input line 64.
LaTeX Font Info:    Checking defaults for T1/cmr/m/n on input line 64.
LaTeX Font Info:    ... okay on input line 64.
LaTeX Font Info:    Checking defaults for TS1/cmr/m/n on input line 64.
LaTeX Font Info:    ... okay on input line 64.
LaTeX Font Info:    Checking defaults for OMX/cmex/m/n on input line 64.
LaTeX Font Info:    ... okay on input line 64.
LaTeX Font Info:    Checking defaults for U/cmr/m/n on input line 64.
LaTeX Font Info:    ... okay on input line 64.
LaTeX Font Info:    Checking defaults for PD1/pdf/m/n on input line 64.
LaTeX Font Info:    ... okay on input line 64.
LaTeX Font Info:    Checking defaults for PU/pdf/m/n on input line 64.
LaTeX Font Info:    ... okay on input line 64.
Package scrbase Info: activating american \contentsname on input line 64.
Package scrbase Info: activating american \listfigurename on input line 64.
Package scrbase Info: activating american \listtablename on input line 64.
LaTeX Info: Redefining \degres on input line 64.
LaTeX Info: Redefining \up on input line 64.
Package biblatex Info: Trying to load language 'american'...
Package biblatex Info: ... file 'american.lbx' found.

(C:\Program Files\MiKTeX\tex/latex/biblatex/lbx\american.lbx
File: american.lbx 2020/12/31 v3.16 biblatex localization (PK/MW)
Package biblatex Info: Trying to load language 'english'...
Package biblatex Info: ... file 'english.lbx' found.

(C:\Program Files\MiKTeX\tex/latex/biblatex/lbx\english.lbx
File: english.lbx 2020/12/31 v3.16 biblatex localization (PK/MW)
)
Package biblatex Info: Trying to load language 'english'...
Package biblatex Info: ... file 'english.lbx' found.

(C:\Program Files\MiKTeX\tex/latex/biblatex/lbx\english.lbx
File: english.lbx 2020/12/31 v3.16 biblatex localization (PK/MW)
))
Package biblatex Info: Trying to load language 'french'...
Package biblatex Info: ... file 'french.lbx' found.

(C:\Program Files\MiKTeX\tex/latex/biblatex/lbx\french.lbx
File: french.lbx 2020/12/31 v3.16 biblatex localization (PK/MW)
)
Package biblatex Info: Input encoding 'utf8' detected.
Package biblatex Info: Data encoding 'ascii' specified.
(biblatex)             No need to reencode data.
Package biblatex Info: Input encoding 'utf8' specified.
Package biblatex Info: Data encoding 'ascii' specified.
(biblatex)             No need to reencode data.
Package biblatex Info: Document encoding is UTF8 ....
Package biblatex Info: ... and expl3
(biblatex)             2021-02-18 L3 programming layer (loader) 
(biblatex)             is new enough (at least 2020/04/06),
(biblatex)             setting 'casechanger=expl3'.

(C:\Program Files\MiKTeX\tex/latex/biblatex\blx-case-expl3.sty
Package: blx-case-expl3 2020/12/31 v3.16 expl3 case changing code for biblatex
)
\openout3 = `main-blx.bib'.

Package biblatex Info: Trying to load bibliographic data...
Package biblatex Info: ... file 'main.bbl' found.
 (main.bbl)
Package biblatex Info: Reference section=0 on input line 64.
Package biblatex Info: Reference segment=0 on input line 64.

(C:\Program Files\MiKTeX\tex/context/base/mkii\supp-pdf.mkii
[Loading MPS to PDF converter (version 2006.09.02).]
\scratchcounter=\count462
\scratchdimen=\dimen266
\scratchbox=\box63
\nofMPsegments=\count463
\nofMParguments=\count464
\everyMPshowfont=\toks36
\MPscratchCnt=\count465
\MPscratchDim=\dimen267
\MPnumerator=\count466
\makeMPintoPDFobject=\count467
\everyMPtoPDFconversion=\toks37
) (C:\Program Files\MiKTeX\tex/latex/epstopdf-pkg\epstopdf-base.sty
Package: epstopdf-base 2020-01-24 v2.11 Base part for package epstopdf
Package epstopdf-base Info: Redefining graphics rule for `.eps' on input line 4
85.
)
Package caption Info: Begin \AtBeginDocument code.
Package caption Info: subfig package v1.3 is loaded.
Package caption Info: float package is loaded.
Package caption Info: hyperref package is loaded.
Package caption Info: listings package is loaded.
Package caption Info: wrapfig package is loaded.
Package caption Info: End \AtBeginDocument code.
\c@lstlisting=\count468
Package scrhack Info: undefining \float@addtolists on input line 64.
Package hyperref Info: Link coloring ON on input line 64.

(C:\Program Files\MiKTeX\tex/latex/hyperref\nameref.sty
Package: nameref 2021-04-02 v2.47 Cross-referencing by name of section

(C:\Users\lordyhas\AppData\Roaming\MiKTeX\tex/latex/refcount\refcount.sty
Package: refcount 2019/12/15 v3.6 Data extraction from label references (HO)
)
(C:\Users\lordyhas\AppData\Roaming\MiKTeX\tex/generic/gettitlestring\gettitlest
ring.sty
Package: gettitlestring 2019/12/15 v1.6 Cleanup title references (HO)
)
\c@section@level=\count469
)
LaTeX Info: Redefining \ref on input line 64.
LaTeX Info: Redefining \pageref on input line 64.
LaTeX Info: Redefining \nameref on input line 64.
 (main.out) (main.out)
\@outlinefile=\write4
\openout4 = `main.out'.

Class scrreprt Info: loading recommended package `bookmark'.
(scrreprt)           Using `bookmark' together with `hyperref' is recommended,
(scrreprt)           because of handling of possible bookmark level gaps.
(scrreprt)           You can avoid loading `bookmark' with KOMA-Script option
(scrreprt)           `bookmarkpackage=false' before \begin{document} and
(scrreprt)           you can avoid this message adding:
(scrreprt)             \usepackage{bookmark}
(scrreprt)           before \begin{document} on input line 64.

(C:\Users\lordyhas\AppData\Roaming\MiKTeX\tex/latex/bookmark\bookmark.sty
Package: bookmark 2020-11-06 v1.29 PDF bookmarks (HO)

(C:\Users\lordyhas\AppData\Roaming\MiKTeX\tex/latex/bookmark\bkm-pdftex.def
File: bkm-pdftex.def 2020-11-06 v1.29 bookmark driver for pdfTeX (HO)
\BKM@id=\count470
))
LaTeX Info: Redefining \microtypecontext on input line 64.
Package microtype Info: Applying patch `item' on input line 64.
Package microtype Info: Applying patch `toc' on input line 64.
Package microtype Info: Applying patch `eqnum' on input line 64.
Package microtype Info: Applying patch `footnote' on input line 64.
Package microtype Info: Generating PDF output.
Package microtype Info: Character protrusion enabled (level 2).
Package microtype Info: Using default protrusion set `alltext'.
Package microtype Info: No font expansion.
Package microtype Info: No adjustment of tracking.
Package microtype Info: No adjustment of interword spacing.
Package microtype Info: No adjustment of character kerning.

(C:\Users\lordyhas\AppData\Roaming\MiKTeX\tex/latex/microtype\mt-ppl.cfg
File: mt-ppl.cfg 2005/11/16 v1.6 microtype config. file: Palatino (RS)
)
(C:\Users\lordyhas\AppData\Roaming\MiKTeX\tex/latex/pdflscape\pdflscape.sty
Package: pdflscape 2019/12/05 v0.12 Display of landscape pages in PDF (HO)

(C:\Program Files\MiKTeX\tex/latex/graphics\lscape.sty
Package: lscape 2020/05/28 v3.02 Landscape Pages (DPC)
)
Package scrhack Info: loading lscape hack on input line 77.

(C:\Users\lordyhas\AppData\Roaming\MiKTeX\tex/latex/koma-script\lscape.hak
File: lscape.hak 2021/06/25 v3.34 KOMA-Script scrhack part (hacking package lsc
ape)
Package scrhack Info: \landscape patched to make \textheight change optional on
 input line 90.
\scrh@LT@textheight=\skip155
)
Package pdflscape Info: Auto-detected driver: pdftex on input line 81.
)
<gfx/garde.pdf, id=3, 597.55246pt x 845.07718pt>
File: gfx/garde.pdf Graphic file (type pdf)
<use gfx/garde.pdf>
Package pdftex.def Info: gfx/garde.pdf  used on input line 90.
(pdftex.def)             Requested size: 597.551pt x 845.07512pt.
File: gfx/garde.pdf Graphic file (type pdf)
<use gfx/garde.pdf>
Package pdftex.def Info: gfx/garde.pdf  used on input line 90.
(pdftex.def)             Requested size: 597.551pt x 845.07512pt.
<gfx/garde.pdf, id=6, page=1, 597.55246pt x 845.07718pt>
File: gfx/garde.pdf Graphic file (type pdf)
<use gfx/garde.pdf, page 1>
Package pdftex.def Info: gfx/garde.pdf , page1 used on input line 90.
(pdftex.def)             Requested size: 597.551pt x 845.07512pt.
File: gfx/garde.pdf Graphic file (type pdf)
<use gfx/garde.pdf, page 1>
Package pdftex.def Info: gfx/garde.pdf , page1 used on input line 90.
(pdftex.def)             Requested size: 597.57834pt x 845.1138pt.
File: gfx/garde.pdf Graphic file (type pdf)
<use gfx/garde.pdf, page 1>
Package pdftex.def Info: gfx/garde.pdf , page1 used on input line 90.
(pdftex.def)             Requested size: 597.57834pt x 845.1138pt.
File: gfx/garde.pdf Graphic file (type pdf)
<use gfx/garde.pdf, page 1>
Package pdftex.def Info: gfx/garde.pdf , page1 used on input line 90.
(pdftex.def)             Requested size: 597.57834pt x 845.1138pt.
LaTeX Font Info:    Trying to load font information for T1+fvm on input line 90
.

(C:\Users\lordyhas\AppData\Roaming\MiKTeX\tex/latex/bera\t1fvm.fd
File: t1fvm.fd 2004/09/07 scalable font definitions for T1/fvm.
)
LaTeX Font Info:    Font shape `T1/fvm/m/n' will be
(Font)              scaled to size 7.65005pt on input line 90.
Package microtype Info: Loading generic protrusion settings for font family
(microtype)             `fvm' (encoding: T1).
(microtype)             For optimal results, create family-specific settings.
(microtype)             See the microtype manual for details.

Overfull \vbox (6.51149pt too high) has occurred while \output is active []

File: gfx/garde.pdf Graphic file (type pdf)
<use gfx/garde.pdf, page 1>
Package pdftex.def Info: gfx/garde.pdf , page1 used on input line 90.
(pdftex.def)             Requested size: 597.57834pt x 845.1138pt.

[1

{C:/Users/lordyhas/AppData/Local/MiKTeX/pdftex/config/pdftex.map} <./gfx/garde.
pdf>]
\openout2 = `FrontBackMatter/Titleback.aux'.

 (FrontBackMatter/Titleback.tex
Package microtype Info: Character `029' is missing
(microtype)             in font `T1/pplj/m/sc/10.95'.
(microtype)             Ignoring protrusion settings for this character.
LaTeX Font Info:    Trying to load font information for TS1+pplj on input line 
10.

(C:\Users\lordyhas\AppData\Roaming\MiKTeX\tex/latex/psnfss\ts1pplj.fd
File: ts1pplj.fd 2004/09/06 font definitions for TS1/pplj.
))
Overfull \vbox (6.51149pt too high) has occurred while \output is active []


[2

]
\openout2 = `FrontBackMatter/Acknowledgments.aux'.

 (FrontBackMatter/Acknowledgments.tex
LaTeX Font Info:    Font shape `T1/pplj/m/sl' in size <10.95> not available
(Font)              Font shape `T1/pplj/m/it' tried instead on input line 5.
LaTeX Font Info:    Trying to load font information for U+zeur on input line 26
.

(C:\Users\lordyhas\AppData\Roaming\MiKTeX\tex/latex/eulervm\uzeur.fd
File: uzeur.fd 2005/01/11 v4.0 (WaS)
)
(C:\Users\lordyhas\AppData\Roaming\MiKTeX\tex/latex/microtype\mt-eur.cfg
File: mt-eur.cfg 2006/07/31 v1.1 microtype config. file: AMS Euler Roman (RS)
)
LaTeX Font Info:    Trying to load font information for U+zeus on input line 26
.

(C:\Users\lordyhas\AppData\Roaming\MiKTeX\tex/latex/eulervm\uzeus.fd
File: uzeus.fd 2005/01/11 v4.0 (WaS)
)
(C:\Users\lordyhas\AppData\Roaming\MiKTeX\tex/latex/microtype\mt-eus.cfg
File: mt-eus.cfg 2006/07/28 v1.2 microtype config. file: AMS Euler Script (RS)
)
LaTeX Font Info:    Trying to load font information for U+zeuex on input line 2
6.

(C:\Users\lordyhas\AppData\Roaming\MiKTeX\tex/latex/eulervm\uzeuex.fd
File: uzeuex.fd 2005/01/11 v4.0 (WaS)
)
LaTeX Font Info:    Trying to load font information for OT1+zplm on input line 
26.

(C:\Users\lordyhas\AppData\Roaming\MiKTeX\tex/latex/psnfss\ot1zplm.fd
File: ot1zplm.fd 2002/09/08 Fontinst v1.914 font definitions for OT1/zplm.
)
Package microtype Info: Loading generic protrusion settings for font family
(microtype)             `zplm' (encoding: OT1).
(microtype)             For optimal results, create family-specific settings.
(microtype)             See the microtype manual for details.
)
Overfull \vbox (6.51149pt too high) has occurred while \output is active []


[3





]
\openout2 = `FrontBackMatter/Contents.aux'.

 (FrontBackMatter/Contents.tex
Package tocbasic Info: character protrusion at toc deactivated on input line 13
.
 (main.toc
LaTeX Font Info:    Trying to load font information for T1+cmss on input line 7
3.

(C:\Program Files\MiKTeX\tex/latex/base\t1cmss.fd
File: t1cmss.fd 2019/12/16 v2.5j Standard LaTeX font definitions
)
Package microtype Info: Loading generic protrusion settings for font family
(microtype)             `cmss' (encoding: T1).
(microtype)             For optimal results, create family-specific settings.
(microtype)             See the microtype manual for details.

Overfull \vbox (6.51149pt too high) has occurred while \output is active []


[4







])
\tf@toc=\write5
\openout5 = `main.toc'.


1: section
1: chapter
1: chapter
1: section

Overfull \vbox (6.51149pt too high) has occurred while \output is active []


[5]
Package tocbasic Info: character protrusion at lof deactivated on input line 33
.
 (main.lof)
\tf@lof=\write6
\openout6 = `main.lof'.


Overfull \vbox (6.51149pt too high) has occurred while \output is active []


[6

])
Overfull \vbox (6.51149pt too high) has occurred while \output is active []


[7]
Overfull \vbox (0.55524pt too high) has occurred while \output is active []


Overfull \vbox (6.51149pt too high) has occurred while \output is active []


[8]
Overfull \vbox (6.51149pt too high) has occurred while \output is active []


[1






]
chapter 0.

Overfull \vbox (6.51149pt too high) has occurred while \output is active []


[2


]
Overfull \vbox (6.51149pt too high) has occurred while \output is active []


[3]
Overfull \vbox (6.51149pt too high) has occurred while \output is active []


[4


]
Overfull \vbox (6.51149pt too high) has occurred while \output is active []


[5]
chapter 1.

LaTeX Font Warning: Font shape `TS1/pplj/m/sc' undefined
(Font)              using `TS1/pplj/m/n' instead
(Font)              for symbol `textbullet' on input line 151.


Overfull \vbox (6.51149pt too high) has occurred while \output is active []


[6


]
<gfx/schema_kcc.png, id=246, 436.63126pt x 236.38312pt>
File: gfx/schema_kcc.png Graphic file (type png)
<use gfx/schema_kcc.png>
Package pdftex.def Info: gfx/schema_kcc.png  used on input line 172.
(pdftex.def)             Requested size: 312.9803pt x 169.44186pt.
Package microtype Info: Character `029' is missing
(microtype)             in font `T1/pplj/m/sc/10'.
(microtype)             Ignoring protrusion settings for this character.

Overfull \vbox (6.51149pt too high) has occurred while \output is active []


[7 <./gfx/schema_kcc.png>]
<gfx/organigramme_kcc.png, id=253, 1362.08875pt x 648.4225pt>
File: gfx/organigramme_kcc.png Graphic file (type png)
<use gfx/organigramme_kcc.png>
Package pdftex.def Info: gfx/organigramme_kcc.png  used on input line 184.
(pdftex.def)             Requested size: 426.79134pt x 203.1757pt.

Overfull \vbox (6.51149pt too high) has occurred while \output is active []


[8 <./gfx/organigramme_kcc.png>]
chapter 2.
<gfx/extract_1.jpeg, id=260, 1084.05pt x 813.0375pt>
File: gfx/extract_1.jpeg Graphic file (type jpg)
<use gfx/extract_1.jpeg>
Package pdftex.def Info: gfx/extract_1.jpeg  used on input line 215.
(pdftex.def)             Requested size: 192.0548pt x 144.03293pt.
<gfx/extract_2.jpeg, id=261, 1084.05pt x 813.0375pt>
File: gfx/extract_2.jpeg Graphic file (type jpg)
<use gfx/extract_2.jpeg>
Package pdftex.def Info: gfx/extract_2.jpeg  used on input line 218.
(pdftex.def)             Requested size: 192.0548pt x 144.03293pt.
<gfx/extract_3.jpeg, id=262, 1084.05pt x 813.0375pt>
File: gfx/extract_3.jpeg Graphic file (type jpg)
<use gfx/extract_3.jpeg>
Package pdftex.def Info: gfx/extract_3.jpeg  used on input line 220.
(pdftex.def)             Requested size: 192.0548pt x 144.03293pt.
<gfx/extract_4.jpeg, id=263, 1084.05pt x 813.0375pt>
File: gfx/extract_4.jpeg Graphic file (type jpg)
<use gfx/extract_4.jpeg>
Package pdftex.def Info: gfx/extract_4.jpeg  used on input line 222.
(pdftex.def)             Requested size: 192.0548pt x 144.03293pt.

Overfull \vbox (6.51149pt too high) has occurred while \output is active []


[9


]
Overfull \vbox (6.51149pt too high) has occurred while \output is active []


[10 <./gfx/extract_1.jpeg> <./gfx/extract_2.jpeg> <./gfx/extract_3.jpeg> <./gfx
/extract_4.jpeg>]
Overfull \vbox (6.51149pt too high) has occurred while \output is active []


[11]
Overfull \vbox (6.51149pt too high) has occurred while \output is active []


[12


]
Overfull \vbox (6.51149pt too high) has occurred while \output is active []


[13


]
Overfull \vbox (6.51149pt too high) has occurred while \output is active []


[14]
chapter 3.
<gfx/ktc_usine.jpeg, id=294, 1084.05pt x 542.025pt>
File: gfx/ktc_usine.jpeg Graphic file (type jpg)
<use gfx/ktc_usine.jpeg>
Package pdftex.def Info: gfx/ktc_usine.jpeg  used on input line 288.
(pdftex.def)             Requested size: 426.79134pt x 213.39865pt.
<gfx/scheme_ktc.png, id=295, 737.75626pt x 495.8525pt>
File: gfx/scheme_ktc.png Graphic file (type png)
<use gfx/scheme_ktc.png>
Package pdftex.def Info: gfx/scheme_ktc.png  used on input line 301.
(pdftex.def)             Requested size: 426.79134pt x 286.84561pt.

Overfull \vbox (6.51149pt too high) has occurred while \output is active []


[15


 <./gfx/ktc_usine.jpeg>]
<gfx/organigramme_ktc.png, id=300, 1099.10625pt x 783.92876pt>
File: gfx/organigramme_ktc.png Graphic file (type png)
<use gfx/organigramme_ktc.png>
Package pdftex.def Info: gfx/organigramme_ktc.png  used on input line 307.
(pdftex.def)             Requested size: 426.79134pt x 304.40323pt.

Overfull \vbox (6.51149pt too high) has occurred while \output is active []


[16 <./gfx/scheme_ktc.png> <./gfx/organigramme_ktc.png>]
chapter 4.
<gfx/vegaber82.png, id=309, 963.6pt x 1204.5pt>
File: gfx/vegaber82.png Graphic file (type png)
<use gfx/vegaber82.png>
Package pdftex.def Info: gfx/vegaber82.png  used on input line 337.
(pdftex.def)             Requested size: 142.26378pt x 177.81844pt.

Overfull \hbox (14.22508pt too wide) in paragraph at lines 337--339
[][] 
 []

Package textcomp Info: Symbol \textborn not provided by
(textcomp)             font family pplj in TS1 encoding.
(textcomp)             Default family used instead on input line 344.
(C:\Users\lordyhas\AppData\Roaming\MiKTeX\tex/latex/microtype\mt-cmr.cfg
File: mt-cmr.cfg 2013/05/19 v2.2 microtype config. file: Computer Modern Roman 
(RS)
)
Package textcomp Info: Symbol \textborn not provided by
(textcomp)             font family pplj in TS1 encoding.
(textcomp)             Default family used instead on input line 345.
Package textcomp Info: Symbol \textborn not provided by
(textcomp)             font family pplj in TS1 encoding.
(textcomp)             Default family used instead on input line 346.
Package textcomp Info: Symbol \textborn not provided by
(textcomp)             font family pplj in TS1 encoding.
(textcomp)             Default family used instead on input line 355.
Package textcomp Info: Symbol \textborn not provided by
(textcomp)             font family pplj in TS1 encoding.
(textcomp)             Default family used instead on input line 356.

Overfull \vbox (6.51149pt too high) has occurred while \output is active []


[17


 <./gfx/vegaber82.png>]
Package textcomp Info: Symbol \textborn not provided by
(textcomp)             font family pplj in TS1 encoding.
(textcomp)             Default family used instead on input line 367.
Package textcomp Info: Symbol \textborn not provided by
(textcomp)             font family pplj in TS1 encoding.
(textcomp)             Default family used instead on input line 368.
Package textcomp Info: Symbol \textborn not provided by
(textcomp)             font family pplj in TS1 encoding.
(textcomp)             Default family used instead on input line 369.
Package textcomp Info: Symbol \textborn not provided by
(textcomp)             font family pplj in TS1 encoding.
(textcomp)             Default family used instead on input line 370.
Package textcomp Info: Symbol \textborn not provided by
(textcomp)             font family pplj in TS1 encoding.
(textcomp)             Default family used instead on input line 371.
Package textcomp Info: Symbol \textopenbullet not provided by
(textcomp)             font family pplj in TS1 encoding.
(textcomp)             Default family used instead on input line 380.
Package textcomp Info: Symbol \textopenbullet not provided by
(textcomp)             font family pplj in TS1 encoding.
(textcomp)             Default family used instead on input line 381.
Package textcomp Info: Symbol \textopenbullet not provided by
(textcomp)             font family pplj in TS1 encoding.
(textcomp)             Default family used instead on input line 382.
Package textcomp Info: Symbol \textopenbullet not provided by
(textcomp)             font family pplj in TS1 encoding.
(textcomp)             Default family used instead on input line 383.

Overfull \vbox (6.51149pt too high) has occurred while \output is active []


[18]
Underfull \hbox (badness 10000) in paragraph at lines 405--411

 []


Overfull \vbox (6.51149pt too high) has occurred while \output is active []


[19]
Package textcomp Info: Symbol \textopenbullet not provided by
(textcomp)             font family pplj in TS1 encoding.
(textcomp)             Default family used instead on input line 435.
Package textcomp Info: Symbol \textopenbullet not provided by
(textcomp)             font family pplj in TS1 encoding.
(textcomp)             Default family used instead on input line 436.
Package textcomp Info: Symbol \textopenbullet not provided by
(textcomp)             font family pplj in TS1 encoding.
(textcomp)             Default family used instead on input line 438.
Package textcomp Info: Symbol \textopenbullet not provided by
(textcomp)             font family pplj in TS1 encoding.
(textcomp)             Default family used instead on input line 439.
Package textcomp Info: Symbol \textopenbullet not provided by
(textcomp)             font family pplj in TS1 encoding.
(textcomp)             Default family used instead on input line 442.
Package textcomp Info: Symbol \textopenbullet not provided by
(textcomp)             font family pplj in TS1 encoding.
(textcomp)             Default family used instead on input line 443.

Underfull \hbox (badness 10000) in paragraph at lines 451--455

 []


Overfull \vbox (6.51149pt too high) has occurred while \output is active []


[20]
<gfx/rio_inside.jpeg, id=345, 1011.78pt x 1084.05pt>
File: gfx/rio_inside.jpeg Graphic file (type jpg)
<use gfx/rio_inside.jpeg>
Package pdftex.def Info: gfx/rio_inside.jpeg  used on input line 475.
(pdftex.def)             Requested size: 227.62204pt x 243.86765pt.

Overfull \vbox (6.51149pt too high) has occurred while \output is active []


[21 <./gfx/rio_inside.jpeg>]
Overfull \vbox (6.51149pt too high) has occurred while \output is active []


[22]
<gfx/bande.jpeg, id=358, 365.86688pt x 261.97874pt>
File: gfx/bande.jpeg Graphic file (type jpg)
<use gfx/bande.jpeg>
Package pdftex.def Info: gfx/bande.jpeg  used on input line 519.
(pdftex.def)             Requested size: 312.9803pt x 224.12207pt.

Overfull \vbox (6.51149pt too high) has occurred while \output is active []


[23 <./gfx/bande.jpeg>]
Overfull \vbox (6.51149pt too high) has occurred while \output is active []


[24]
<gfx/cm5-milling.jpg, id=375, 863.72687pt x 432.61626pt>
File: gfx/cm5-milling.jpg Graphic file (type jpg)
<use gfx/cm5-milling.jpg>
Package pdftex.def Info: gfx/cm5-milling.jpg  used on input line 626.
(pdftex.def)             Requested size: 863.72475pt x 432.6152pt.

Overfull \vbox (6.51149pt too high) has occurred while \output is active []


[25]
Overfull \vbox (6.57298pt too high) has occurred while \output is active []


Overfull \vbox (6.51149pt too high) has occurred while \output is active []


[26 <./gfx/cm5-milling.jpg>]
<gfx/hydrocyclone-schematic.png, id=384, 853.1875pt x 1320.935pt>
File: gfx/hydrocyclone-schematic.png Graphic file (type png)
<use gfx/hydrocyclone-schematic.png>
Package pdftex.def Info: gfx/hydrocyclone-schematic.png  used on input line 639
.
(pdftex.def)             Requested size: 142.26378pt x 220.24263pt.

Underfull \hbox (badness 10000) in paragraph at lines 635--643
\T1/pplj/m/n/10.95 ap-pa-reils de ce type pour s-pa-rer les par-ti-cules so-li
des de l'eau.
 []

<gfx/milling_k.jpeg, id=385, 1284.8pt x 722.7pt>
File: gfx/milling_k.jpeg Graphic file (type jpg)
<use gfx/milling_k.jpeg>
Package pdftex.def Info: gfx/milling_k.jpeg  used on input line 660.
(pdftex.def)             Requested size: 426.79134pt x 240.06866pt.

Overfull \vbox (6.51149pt too high) has occurred while \output is active []


[27 <./gfx/hydrocyclone-schematic.png> <./gfx/milling_k.jpeg>]
<gfx/tank-cell.jpg, id=393, 376.40625pt x 376.40625pt>
File: gfx/tank-cell.jpg Graphic file (type jpg)
<use gfx/tank-cell.jpg>
Package pdftex.def Info: gfx/tank-cell.jpg  used on input line 682.
(pdftex.def)             Requested size: 284.52756pt x 284.54968pt.

Overfull \vbox (6.51149pt too high) has occurred while \output is active []


[28 <./gfx/tank-cell.jpg>]
<gfx/flot-1.jpeg, id=399, 1284.8pt x 1284.8pt>
File: gfx/flot-1.jpeg Graphic file (type jpg)
<use gfx/flot-1.jpeg>
Package pdftex.def Info: gfx/flot-1.jpeg  used on input line 697.
(pdftex.def)             Requested size: 192.0548pt x 192.04514pt.
<gfx/flot-2.jpeg, id=400, 609.77812pt x 609.77812pt>
File: gfx/flot-2.jpeg Graphic file (type jpg)
<use gfx/flot-2.jpeg>
Package pdftex.def Info: gfx/flot-2.jpeg  used on input line 700.
(pdftex.def)             Requested size: 192.0548pt x 192.0532pt.
<gfx/flot-3.jpeg, id=401, 542.025pt x 542.025pt>
File: gfx/flot-3.jpeg Graphic file (type jpg)
<use gfx/flot-3.jpeg>
Package pdftex.def Info: gfx/flot-3.jpeg  used on input line 703.
(pdftex.def)             Requested size: 192.0548pt x 192.05217pt.
<gfx/flot-4.jpeg, id=402, 542.025pt x 542.025pt>
File: gfx/flot-4.jpeg Graphic file (type jpg)
<use gfx/flot-4.jpeg>
Package pdftex.def Info: gfx/flot-4.jpeg  used on input line 706.
(pdftex.def)             Requested size: 192.0548pt x 192.05217pt.

Underfull \hbox (badness 10000) in paragraph at lines 715--716

 []

<gfx/transfert_1.jpeg, id=403, 542.025pt x 542.025pt>
File: gfx/transfert_1.jpeg Graphic file (type jpg)
<use gfx/transfert_1.jpeg>
Package pdftex.def Info: gfx/transfert_1.jpeg  used on input line 721.
(pdftex.def)             Requested size: 192.0548pt x 192.05217pt.
<gfx/transfert_2.jpeg, id=404, 542.025pt x 542.025pt>
File: gfx/transfert_2.jpeg Graphic file (type jpg)
<use gfx/transfert_2.jpeg>
Package pdftex.def Info: gfx/transfert_2.jpeg  used on input line 724.
(pdftex.def)             Requested size: 192.0548pt x 192.05217pt.

Overfull \vbox (6.51149pt too high) has occurred while \output is active []


[29 <./gfx/flot-1.jpeg> <./gfx/flot-2.jpeg> <./gfx/flot-3.jpeg> <./gfx/flot-4.j
peg>]
<gfx/tailling.jpeg, id=414, 1160.335pt x 522.95375pt>
File: gfx/tailling.jpeg Graphic file (type jpg)
<use gfx/tailling.jpeg>
Package pdftex.def Info: gfx/tailling.jpeg  used on input line 748.
(pdftex.def)             Requested size: 426.79134pt x 192.34877pt.

Overfull \vbox (6.51149pt too high) has occurred while \output is active []


[30 <./gfx/transfert_1.jpeg> <./gfx/transfert_2.jpeg>]
Overfull \vbox (6.51149pt too high) has occurred while \output is active []


[31 <./gfx/tailling.jpeg>]
chapter 5.
<gfx/isys-4.jpeg, id=426, 1084.05pt x 813.0375pt>
File: gfx/isys-4.jpeg Graphic file (type jpg)
<use gfx/isys-4.jpeg>
Package pdftex.def Info: gfx/isys-4.jpeg  used on input line 770.
(pdftex.def)             Requested size: 192.0548pt x 144.03293pt.
<gfx/isys-c.jpeg, id=427, 487.8225pt x 365.86688pt>
File: gfx/isys-c.jpeg Graphic file (type jpg)
<use gfx/isys-c.jpeg>
Package pdftex.def Info: gfx/isys-c.jpeg  used on input line 773.
(pdftex.def)             Requested size: 192.0548pt x 144.03851pt.
<gfx/isys-2.jpeg, id=428, 1084.05pt x 813.0375pt>
File: gfx/isys-2.jpeg Graphic file (type jpg)
<use gfx/isys-2.jpeg>
Package pdftex.def Info: gfx/isys-2.jpeg  used on input line 775.
(pdftex.def)             Requested size: 192.0548pt x 144.03293pt.
<gfx/isys-1.jpeg, id=429, 1084.05pt x 813.0375pt>
File: gfx/isys-1.jpeg Graphic file (type jpg)
<use gfx/isys-1.jpeg>
Package pdftex.def Info: gfx/isys-1.jpeg  used on input line 777.
(pdftex.def)             Requested size: 192.0548pt x 144.03293pt.

Overfull \vbox (6.51149pt too high) has occurred while \output is active []


[32


 <./gfx/isys-4.jpeg> <./gfx/isys-c.jpeg> <./gfx/isys-2.jpeg> <./gfx/isys-1.jpeg
>]
<gfx/simatic-s7-400.jpg, id=439, 1129.21875pt x 638.385pt>
File: gfx/simatic-s7-400.jpg Graphic file (type jpg)
<use gfx/simatic-s7-400.jpg>
Package pdftex.def Info: gfx/simatic-s7-400.jpg  used on input line 794.
(pdftex.def)             Requested size: 284.52756pt x 160.85243pt.
Package textcomp Info: Symbol \textopenbullet not provided by
(textcomp)             font family pplj in TS1 encoding.
(textcomp)             Default family used instead on input line 801.
Package textcomp Info: Symbol \textopenbullet not provided by
(textcomp)             font family pplj in TS1 encoding.
(textcomp)             Default family used instead on input line 807.
Package textcomp Info: Symbol \textopenbullet not provided by
(textcomp)             font family pplj in TS1 encoding.
(textcomp)             Default family used instead on input line 810.
Package textcomp Info: Symbol \textopenbullet not provided by
(textcomp)             font family pplj in TS1 encoding.
(textcomp)             Default family used instead on input line 811.
Package textcomp Info: Symbol \textopenbullet not provided by
(textcomp)             font family pplj in TS1 encoding.
(textcomp)             Default family used instead on input line 820.
Package textcomp Info: Symbol \textopenbullet not provided by
(textcomp)             font family pplj in TS1 encoding.
(textcomp)             Default family used instead on input line 821.

Overfull \vbox (6.51149pt too high) has occurred while \output is active []


[33 <./gfx/simatic-s7-400.jpg>]
<gfx/simatic_S7_1500.jpg, id=446, 1078.0275pt x 418.56375pt>
File: gfx/simatic_S7_1500.jpg Graphic file (type jpg)
<use gfx/simatic_S7_1500.jpg>
Package pdftex.def Info: gfx/simatic_S7_1500.jpg  used on input line 832.
(pdftex.def)             Requested size: 426.79134pt x 165.71088pt.
Package textcomp Info: Symbol \textopenbullet not provided by
(textcomp)             font family pplj in TS1 encoding.
(textcomp)             Default family used instead on input line 852.
Package textcomp Info: Symbol \textopenbullet not provided by
(textcomp)             font family pplj in TS1 encoding.
(textcomp)             Default family used instead on input line 853.

Overfull \vbox (6.51149pt too high) has occurred while \output is active []


[34 <./gfx/simatic_S7_1500.jpg>]
<gfx/ops_pro_plc.png, id=456, 557.08125pt x 167.87718pt>
File: gfx/ops_pro_plc.png Graphic file (type png)
<use gfx/ops_pro_plc.png>
Package pdftex.def Info: gfx/ops_pro_plc.png  used on input line 859.
(pdftex.def)             Requested size: 426.79134pt x 128.61774pt.

Overfull \vbox (6.51149pt too high) has occurred while \output is active []


[35 <./gfx/ops_pro_plc.png>]
Overfull \vbox (6.51149pt too high) has occurred while \output is active []


[36]
chapter 6.

Overfull \vbox (6.51149pt too high) has occurred while \output is active []


[37


]
Overfull \hbox (5.94054pt too wide) in paragraph at lines 926--926
[]\T1/pplj/m/n/10.95 Quelques pro-grammes (code et sche-mas) pour les PLC et du
 DCS. Et Quelques
 []


Overfull \vbox (6.51149pt too high) has occurred while \output is active []


[38


]
chapter A.

Overfull \hbox (1.18445pt too wide) in paragraph at lines 928--928
[]\chapterNumber A 
 []



pdfTeX warning: pdflatex.exe (file ./gfx/ktc_flowsheet.pdf): PDF inclusion: fou
nd PDF version <1.7>, but at most version <1.5> allowed
<gfx/ktc_flowsheet.pdf, id=477, 1653.92906pt x 1158.57843pt>
File: gfx/ktc_flowsheet.pdf Graphic file (type pdf)
<use gfx/ktc_flowsheet.pdf>
Package pdftex.def Info: gfx/ktc_flowsheet.pdf  used on input line 929.
(pdftex.def)             Requested size: 1653.92505pt x 1158.5756pt.

Overfull \hbox (28.4467pt too wide) in paragraph at lines 929--930
[] 
 []


Overfull \vbox (6.51149pt too high) has occurred while \output is active []


[39


]
Overfull \vbox (51.7283pt too high) has occurred while \output is active []


Overfull \vbox (6.51149pt too high) has occurred while \output is active []


[40 <./gfx/ktc_flowsheet.pdf>]
chapter B.
Package textcomp Info: Symbol \textborn not provided by
(textcomp)             font family pplj in TS1 encoding.
(textcomp)             Default family used instead on input line 939.
Package textcomp Info: Symbol \textborn not provided by
(textcomp)             font family pplj in TS1 encoding.
(textcomp)             Default family used instead on input line 940.
Package textcomp Info: Symbol \textborn not provided by
(textcomp)             font family pplj in TS1 encoding.
(textcomp)             Default family used instead on input line 941.
Package textcomp Info: Symbol \textborn not provided by
(textcomp)             font family pplj in TS1 encoding.
(textcomp)             Default family used instead on input line 942.
(C:\Program Files\MiKTeX\tex/latex/listings\lstlang1.sty
File: lstlang1.sty 2020/03/24 1.8d listings language file
)
(C:\Program Files\MiKTeX\tex/latex/listings\lstlang1.sty
File: lstlang1.sty 2020/03/24 1.8d listings language file
)
LaTeX Font Info:    Font shape `T1/fvm/m/n' will be
(Font)              scaled to size 8.50006pt on input line 946.

Overfull \vbox (6.51149pt too high) has occurred while \output is active []


[41


]
chapter C.
<gfx/fit.jpg, id=1432, 345.29pt x 345.29pt>
File: gfx/fit.jpg Graphic file (type jpg)
<use gfx/fit.jpg>
Package pdftex.def Info: gfx/fit.jpg  used on input line 979.
(pdftex.def)             Requested size: 106.69783pt x 106.69632pt.
<gfx/rip.png, id=1433, 501.875pt x 501.875pt>
File: gfx/rip.png Graphic file (type png)
<use gfx/rip.png>
Package pdftex.def Info: gfx/rip.png  used on input line 982.
(pdftex.def)             Requested size: 106.69783pt x 106.69872pt.
<gfx/vegabar14.jpg, id=1434, 288.3272pt x 237.13594pt>
File: gfx/vegabar14.jpg Graphic file (type jpg)
<use gfx/vegabar14.jpg>
Package pdftex.def Info: gfx/vegabar14.jpg  used on input line 985.
(pdftex.def)             Requested size: 115.23547pt x 94.7767pt.
<gfx/deport-switch.jpg, id=1435, 1192.455pt x 1192.455pt>
File: gfx/deport-switch.jpg Graphic file (type jpg)
<use gfx/deport-switch.jpg>
Package pdftex.def Info: gfx/deport-switch.jpg  used on input line 989.
(pdftex.def)             Requested size: 108.83386pt x 108.82654pt.
<gfx/pit-vegabar82.png, id=1436, 331.2375pt x 413.545pt>
File: gfx/pit-vegabar82.png Graphic file (type png)
<use gfx/pit-vegabar82.png>
Package pdftex.def Info: gfx/pit-vegabar82.png  used on input line 992.
(pdftex.def)             Requested size: 115.23547pt x 143.8658pt.
<gfx/tt-pt100.jpg, id=1437, 1204.5pt x 1846.9pt>
File: gfx/tt-pt100.jpg Graphic file (type jpg)
<use gfx/tt-pt100.jpg>
Package pdftex.def Info: gfx/tt-pt100.jpg  used on input line 995.
(pdftex.def)             Requested size: 93.8946pt x 143.95053pt.

Underfull \hbox (badness 1057) in paragraph at lines 995--995
[][]|\T1/pplj/m/n/9 Cap-teur de tem-p-ra-
 []

<gfx/speed-sensor.jpg, id=1438, 564.60938pt x 451.6875pt>
File: gfx/speed-sensor.jpg Graphic file (type jpg)
<use gfx/speed-sensor.jpg>
Package pdftex.def Info: gfx/speed-sensor.jpg  used on input line 999.
(pdftex.def)             Requested size: 213.39566pt x 170.71947pt.

Overfull \vbox (6.51149pt too high) has occurred while \output is active []


[42


 <./gfx/fit.jpg> <./gfx/rip.png (PNG copy)> <./gfx/vegabar14.jpg> <./gfx/deport
-switch.jpg> <./gfx/pit-vegabar82.png> <./gfx/tt-pt100.jpg> <./gfx/speed-sensor
.jpg>]
\openout2 = `FrontBackMatter/Bibliography.aux'.

 (FrontBackMatter/Bibliography.tex)
Overfull \vbox (6.51149pt too high) has occurred while \output is active []


[43





]
\openout2 = `FrontBackMatter/Colophon.aux'.

 (FrontBackMatter/Colophon.tex
LaTeX Font Info:    Font shape `T1/fvm/m/n' will be
(Font)              scaled to size 9.30756pt on input line 19.
)
Overfull \vbox (6.51149pt too high) has occurred while \output is active []


[44





] (main.aux (FrontBackMatter/Titleback.aux)
(FrontBackMatter/Acknowledgments.aux) (FrontBackMatter/Contents.aux)
(FrontBackMatter/Bibliography.aux) (FrontBackMatter/Colophon.aux))

LaTeX Font Warning: Some font shapes were not available, defaults substituted.


LaTeX Warning: There were multiply-defined labels.

Package rerunfilecheck Info: File `main.out' has not changed.
(rerunfilecheck)             Checksum: D41D8CD98F00B204E9800998ECF8427E;0.
Package logreq Info: Writing requests to 'main.run.xml'.
\openout1 = `main.run.xml'.

 ) 
Here is how much of TeX's memory you used:
 32556 strings out of 479334
 592521 string characters out of 2866950
 1703751 words of memory out of 3000000
 49150 multiletter control sequences out of 15000+200000
 489952 words of font info for 155 fonts, out of 3000000 for 9000
 1141 hyphenation exceptions out of 8191
 111i,23n,116p,10601b,2401s stack positions out of 5000i,500n,10000p,200000b,50000s
{C:/Program Files/MiKTeX/fonts/enc/dvips/base/8r.enc} <C:\Users\lordyhas\AppD
ata\Local\MiKTeX\fonts/pk/ljfour/jknappen/ec/dpi600\ecss0900.pk> <C:\Users\lord
yhas\AppData\Local\MiKTeX\fonts/pk/ljfour/jknappen/ec/dpi600\ecsi1095.pk> <C:\U
sers\lordyhas\AppData\Local\MiKTeX\fonts/pk/ljfour/jknappen/ec/dpi600\tcrm1095.
pk> <C:\Users\lordyhas\AppData\Local\MiKTeX\fonts/pk/ljfour/jknappen/ec/dpi600\
ecss1095.pk><C:/Program Files/MiKTeX/fonts/type1/public/amsfonts/cm/cmsy10.pfb>
<C:/Program Files/MiKTeX/fonts/type1/public/amsfonts/euler/eufm10.pfb><C:/Progr
am Files/MiKTeX/fonts/type1/public/amsfonts/euler/eurb10.pfb><C:/Program Files/
MiKTeX/fonts/type1/public/amsfonts/euler/eurm10.pfb><C:/Program Files/MiKTeX/fo
nts/type1/public/amsfonts/euler/eurm7.pfb><C:/Users/lordyhas/AppData/Roaming/Mi
KTeX/fonts/type1/public/fpl/fplbj8a.pfb><C:/Users/lordyhas/AppData/Roaming/MiKT
eX/fonts/type1/public/fpl/fplrc8a.pfb><C:/Users/lordyhas/AppData/Roaming/MiKTeX
/fonts/type1/public/fpl/fplrij8a.pfb><C:/Users/lordyhas/AppData/Roaming/MiKTeX/
fonts/type1/bera/fvmr8a.pfb><C:/Program Files/MiKTeX/fonts/type1/urw/palatino/u
plb8a.pfb><C:/Program Files/MiKTeX/fonts/type1/urw/palatino/uplbi8a.pfb><C:/Pro
gram Files/MiKTeX/fonts/type1/urw/palatino/uplr8a.pfb><C:/Program Files/MiKTeX/
fonts/type1/urw/palatino/uplri8a.pfb>
Output written on main.pdf (52 pages, 8711847 bytes).
PDF statistics:
 1751 PDF objects out of 2073 (max. 8388607)
 189 named destinations out of 1000 (max. 500000)
 29275 words of extra memory for PDF output out of 29859 (max. 10000000)

